CRITICAL - 2026-06-06 09:55:19 --> ErrorException: Undefined array key "nama"
[Method: GET, Route: sekolah/sman-1-batusangkar]
in APPPATH\Views\pages\sekolah.php on line 391.
 1 APPPATH\Views\pages\sekolah.php(391): CodeIgniter\Debug\Exceptions->errorHandler(2, 'Undefined array key "nama"', 'D:\\CodeIgniter4-4.6.4\\app\\Views\\pages\\sekolah.php', 391)
 2 SYSTEMPATH\View\View.php(226): include('D:\\CodeIgniter4-4.6.4\\app\\Views\\pages\\sekolah.php')
 3 SYSTEMPATH\View\View.php(229): CodeIgniter\View\View->CodeIgniter\View\{closure}()
 4 SYSTEMPATH\Common.php(1199): CodeIgniter\View\View->render('pages/sekolah', [], true)
 5 APPPATH\Controllers\Home.php(109): view('pages/sekolah', [...])
 6 SYSTEMPATH\CodeIgniter.php(933): App\Controllers\Home->sekolah('sman-1-batusangkar')
 7 SYSTEMPATH\CodeIgniter.php(507): CodeIgniter\CodeIgniter->runController(Object(App\Controllers\Home))
 8 SYSTEMPATH\CodeIgniter.php(354): CodeIgniter\CodeIgniter->handleRequest(null, Object(Config\Cache), false)
 9 SYSTEMPATH\Boot.php(363): CodeIgniter\CodeIgniter->run()
10 SYSTEMPATH\Boot.php(68): CodeIgniter\Boot::runCodeIgniter(Object(CodeIgniter\CodeIgniter))
11 FCPATH\index.php(59): CodeIgniter\Boot::bootWeb(Object(Config\Paths))
12 SYSTEMPATH\rewrite.php(44): require_once('D:\\CodeIgniter4-4.6.4\\public\\index.php')
CRITICAL - 2026-06-06 09:56:17 --> ErrorException: Undefined array key "foto_sekolah"
[Method: GET, Route: sekolah/sman-1-batusangkar]
in APPPATH\Views\pages\sekolah.php on line 378.
 1 APPPATH\Views\pages\sekolah.php(378): CodeIgniter\Debug\Exceptions->errorHandler(2, 'Undefined array key "foto_sekolah"', 'D:\\CodeIgniter4-4.6.4\\app\\Views\\pages\\sekolah.php', 378)
 2 SYSTEMPATH\View\View.php(226): include('D:\\CodeIgniter4-4.6.4\\app\\Views\\pages\\sekolah.php')
 3 SYSTEMPATH\View\View.php(229): CodeIgniter\View\View->CodeIgniter\View\{closure}()
 4 SYSTEMPATH\Common.php(1199): CodeIgniter\View\View->render('pages/sekolah', [], true)
 5 APPPATH\Controllers\Home.php(109): view('pages/sekolah', [...])
 6 SYSTEMPATH\CodeIgniter.php(933): App\Controllers\Home->sekolah('sman-1-batusangkar')
 7 SYSTEMPATH\CodeIgniter.php(507): CodeIgniter\CodeIgniter->runController(Object(App\Controllers\Home))
 8 SYSTEMPATH\CodeIgniter.php(354): CodeIgniter\CodeIgniter->handleRequest(null, Object(Config\Cache), false)
 9 SYSTEMPATH\Boot.php(363): CodeIgniter\CodeIgniter->run()
10 SYSTEMPATH\Boot.php(68): CodeIgniter\Boot::runCodeIgniter(Object(CodeIgniter\CodeIgniter))
11 FCPATH\index.php(59): CodeIgniter\Boot::bootWeb(Object(Config\Paths))
12 SYSTEMPATH\rewrite.php(44): require_once('D:\\CodeIgniter4-4.6.4\\public\\index.php')
CRITICAL - 2026-06-06 09:56:29 --> ErrorException: Undefined array key "foto_sekolah"
[Method: GET, Route: sekolah/sman-1-batusangkar]
in APPPATH\Views\pages\sekolah.php on line 378.
 1 APPPATH\Views\pages\sekolah.php(378): CodeIgniter\Debug\Exceptions->errorHandler(2, 'Undefined array key "foto_sekolah"', 'D:\\CodeIgniter4-4.6.4\\app\\Views\\pages\\sekolah.php', 378)
 2 SYSTEMPATH\View\View.php(226): include('D:\\CodeIgniter4-4.6.4\\app\\Views\\pages\\sekolah.php')
 3 SYSTEMPATH\View\View.php(229): CodeIgniter\View\View->CodeIgniter\View\{closure}()
 4 SYSTEMPATH\Common.php(1199): CodeIgniter\View\View->render('pages/sekolah', [], true)
 5 APPPATH\Controllers\Home.php(109): view('pages/sekolah', [...])
 6 SYSTEMPATH\CodeIgniter.php(933): App\Controllers\Home->sekolah('sman-1-batusangkar')
 7 SYSTEMPATH\CodeIgniter.php(507): CodeIgniter\CodeIgniter->runController(Object(App\Controllers\Home))
 8 SYSTEMPATH\CodeIgniter.php(354): CodeIgniter\CodeIgniter->handleRequest(null, Object(Config\Cache), false)
 9 SYSTEMPATH\Boot.php(363): CodeIgniter\CodeIgniter->run()
10 SYSTEMPATH\Boot.php(68): CodeIgniter\Boot::runCodeIgniter(Object(CodeIgniter\CodeIgniter))
11 FCPATH\index.php(59): CodeIgniter\Boot::bootWeb(Object(Config\Paths))
12 SYSTEMPATH\rewrite.php(44): require_once('D:\\CodeIgniter4-4.6.4\\public\\index.php')
CRITICAL - 2026-06-06 09:56:30 --> ErrorException: Undefined array key "foto_sekolah"
[Method: GET, Route: sekolah/sman-1-batusangkar]
in APPPATH\Views\pages\sekolah.php on line 378.
 1 APPPATH\Views\pages\sekolah.php(378): CodeIgniter\Debug\Exceptions->errorHandler(2, 'Undefined array key "foto_sekolah"', 'D:\\CodeIgniter4-4.6.4\\app\\Views\\pages\\sekolah.php', 378)
 2 SYSTEMPATH\View\View.php(226): include('D:\\CodeIgniter4-4.6.4\\app\\Views\\pages\\sekolah.php')
 3 SYSTEMPATH\View\View.php(229): CodeIgniter\View\View->CodeIgniter\View\{closure}()
 4 SYSTEMPATH\Common.php(1199): CodeIgniter\View\View->render('pages/sekolah', [], true)
 5 APPPATH\Controllers\Home.php(109): view('pages/sekolah', [...])
 6 SYSTEMPATH\CodeIgniter.php(933): App\Controllers\Home->sekolah('sman-1-batusangkar')
 7 SYSTEMPATH\CodeIgniter.php(507): CodeIgniter\CodeIgniter->runController(Object(App\Controllers\Home))
 8 SYSTEMPATH\CodeIgniter.php(354): CodeIgniter\CodeIgniter->handleRequest(null, Object(Config\Cache), false)
 9 SYSTEMPATH\Boot.php(363): CodeIgniter\CodeIgniter->run()
10 SYSTEMPATH\Boot.php(68): CodeIgniter\Boot::runCodeIgniter(Object(CodeIgniter\CodeIgniter))
11 FCPATH\index.php(59): CodeIgniter\Boot::bootWeb(Object(Config\Paths))
12 SYSTEMPATH\rewrite.php(44): require_once('D:\\CodeIgniter4-4.6.4\\public\\index.php')
CRITICAL - 2026-06-06 09:56:49 --> ErrorException: Undefined array key "img"
[Method: GET, Route: sekolah/sman-1-batusangkar]
in APPPATH\Views\pages\sekolah.php on line 378.
 1 APPPATH\Views\pages\sekolah.php(378): CodeIgniter\Debug\Exceptions->errorHandler(2, 'Undefined array key "img"', 'D:\\CodeIgniter4-4.6.4\\app\\Views\\pages\\sekolah.php', 378)
 2 SYSTEMPATH\View\View.php(226): include('D:\\CodeIgniter4-4.6.4\\app\\Views\\pages\\sekolah.php')
 3 SYSTEMPATH\View\View.php(229): CodeIgniter\View\View->CodeIgniter\View\{closure}()
 4 SYSTEMPATH\Common.php(1199): CodeIgniter\View\View->render('pages/sekolah', [], true)
 5 APPPATH\Controllers\Home.php(109): view('pages/sekolah', [...])
 6 SYSTEMPATH\CodeIgniter.php(933): App\Controllers\Home->sekolah('sman-1-batusangkar')
 7 SYSTEMPATH\CodeIgniter.php(507): CodeIgniter\CodeIgniter->runController(Object(App\Controllers\Home))
 8 SYSTEMPATH\CodeIgniter.php(354): CodeIgniter\CodeIgniter->handleRequest(null, Object(Config\Cache), false)
 9 SYSTEMPATH\Boot.php(363): CodeIgniter\CodeIgniter->run()
10 SYSTEMPATH\Boot.php(68): CodeIgniter\Boot::runCodeIgniter(Object(CodeIgniter\CodeIgniter))
11 FCPATH\index.php(59): CodeIgniter\Boot::bootWeb(Object(Config\Paths))
12 SYSTEMPATH\rewrite.php(44): require_once('D:\\CodeIgniter4-4.6.4\\public\\index.php')
CRITICAL - 2026-06-06 09:57:47 --> ErrorException: Undefined array key "jenis"
[Method: GET, Route: sekolah/sman-1-batusangkar]
in APPPATH\Views\pages\sekolah.php on line 382.
 1 APPPATH\Views\pages\sekolah.php(382): CodeIgniter\Debug\Exceptions->errorHandler(2, 'Undefined array key "jenis"', 'D:\\CodeIgniter4-4.6.4\\app\\Views\\pages\\sekolah.php', 382)
 2 SYSTEMPATH\View\View.php(226): include('D:\\CodeIgniter4-4.6.4\\app\\Views\\pages\\sekolah.php')
 3 SYSTEMPATH\View\View.php(229): CodeIgniter\View\View->CodeIgniter\View\{closure}()
 4 SYSTEMPATH\Common.php(1199): CodeIgniter\View\View->render('pages/sekolah', [], true)
 5 APPPATH\Controllers\Home.php(109): view('pages/sekolah', [...])
 6 SYSTEMPATH\CodeIgniter.php(933): App\Controllers\Home->sekolah('sman-1-batusangkar')
 7 SYSTEMPATH\CodeIgniter.php(507): CodeIgniter\CodeIgniter->runController(Object(App\Controllers\Home))
 8 SYSTEMPATH\CodeIgniter.php(354): CodeIgniter\CodeIgniter->handleRequest(null, Object(Config\Cache), false)
 9 SYSTEMPATH\Boot.php(363): CodeIgniter\CodeIgniter->run()
10 SYSTEMPATH\Boot.php(68): CodeIgniter\Boot::runCodeIgniter(Object(CodeIgniter\CodeIgniter))
11 FCPATH\index.php(59): CodeIgniter\Boot::bootWeb(Object(Config\Paths))
12 SYSTEMPATH\rewrite.php(44): require_once('D:\\CodeIgniter4-4.6.4\\public\\index.php')
CRITICAL - 2026-06-06 10:04:33 --> ErrorException: Undefined array key "sekolah.latitude"
[Method: GET, Route: sekolah/sman-1-batusangkar]
in APPPATH\Views\pages\sekolah.php on line 413.
 1 APPPATH\Views\pages\sekolah.php(413): CodeIgniter\Debug\Exceptions->errorHandler(2, 'Undefined array key "sekolah.latitude"', 'D:\\CodeIgniter4-4.6.4\\app\\Views\\pages\\sekolah.php', 413)
 2 SYSTEMPATH\View\View.php(226): include('D:\\CodeIgniter4-4.6.4\\app\\Views\\pages\\sekolah.php')
 3 SYSTEMPATH\View\View.php(229): CodeIgniter\View\View->CodeIgniter\View\{closure}()
 4 SYSTEMPATH\Common.php(1199): CodeIgniter\View\View->render('pages/sekolah', [], true)
 5 APPPATH\Controllers\Home.php(109): view('pages/sekolah', [...])
 6 SYSTEMPATH\CodeIgniter.php(933): App\Controllers\Home->sekolah('sman-1-batusangkar')
 7 SYSTEMPATH\CodeIgniter.php(507): CodeIgniter\CodeIgniter->runController(Object(App\Controllers\Home))
 8 SYSTEMPATH\CodeIgniter.php(354): CodeIgniter\CodeIgniter->handleRequest(null, Object(Config\Cache), false)
 9 SYSTEMPATH\Boot.php(363): CodeIgniter\CodeIgniter->run()
10 SYSTEMPATH\Boot.php(68): CodeIgniter\Boot::runCodeIgniter(Object(CodeIgniter\CodeIgniter))
11 FCPATH\index.php(59): CodeIgniter\Boot::bootWeb(Object(Config\Paths))
12 SYSTEMPATH\rewrite.php(44): require_once('D:\\CodeIgniter4-4.6.4\\public\\index.php')
CRITICAL - 2026-06-06 10:04:53 --> ErrorException: Undefined array key "sekolah.latitude"
[Method: GET, Route: sekolah/sman-1-batusangkar]
in APPPATH\Views\pages\sekolah.php on line 413.
 1 APPPATH\Views\pages\sekolah.php(413): CodeIgniter\Debug\Exceptions->errorHandler(2, 'Undefined array key "sekolah.latitude"', 'D:\\CodeIgniter4-4.6.4\\app\\Views\\pages\\sekolah.php', 413)
 2 SYSTEMPATH\View\View.php(226): include('D:\\CodeIgniter4-4.6.4\\app\\Views\\pages\\sekolah.php')
 3 SYSTEMPATH\View\View.php(229): CodeIgniter\View\View->CodeIgniter\View\{closure}()
 4 SYSTEMPATH\Common.php(1199): CodeIgniter\View\View->render('pages/sekolah', [], true)
 5 APPPATH\Controllers\Home.php(109): view('pages/sekolah', [...])
 6 SYSTEMPATH\CodeIgniter.php(933): App\Controllers\Home->sekolah('sman-1-batusangkar')
 7 SYSTEMPATH\CodeIgniter.php(507): CodeIgniter\CodeIgniter->runController(Object(App\Controllers\Home))
 8 SYSTEMPATH\CodeIgniter.php(354): CodeIgniter\CodeIgniter->handleRequest(null, Object(Config\Cache), false)
 9 SYSTEMPATH\Boot.php(363): CodeIgniter\CodeIgniter->run()
10 SYSTEMPATH\Boot.php(68): CodeIgniter\Boot::runCodeIgniter(Object(CodeIgniter\CodeIgniter))
11 FCPATH\index.php(59): CodeIgniter\Boot::bootWeb(Object(Config\Paths))
12 SYSTEMPATH\rewrite.php(44): require_once('D:\\CodeIgniter4-4.6.4\\public\\index.php')
CRITICAL - 2026-06-06 10:04:59 --> ErrorException: Undefined array key "sekolah.longitude"
[Method: GET, Route: sekolah/sman-1-batusangkar]
in APPPATH\Views\pages\sekolah.php on line 413.
 1 APPPATH\Views\pages\sekolah.php(413): CodeIgniter\Debug\Exceptions->errorHandler(2, 'Undefined array key "sekolah.longitude"', 'D:\\CodeIgniter4-4.6.4\\app\\Views\\pages\\sekolah.php', 413)
 2 SYSTEMPATH\View\View.php(226): include('D:\\CodeIgniter4-4.6.4\\app\\Views\\pages\\sekolah.php')
 3 SYSTEMPATH\View\View.php(229): CodeIgniter\View\View->CodeIgniter\View\{closure}()
 4 SYSTEMPATH\Common.php(1199): CodeIgniter\View\View->render('pages/sekolah', [], true)
 5 APPPATH\Controllers\Home.php(109): view('pages/sekolah', [...])
 6 SYSTEMPATH\CodeIgniter.php(933): App\Controllers\Home->sekolah('sman-1-batusangkar')
 7 SYSTEMPATH\CodeIgniter.php(507): CodeIgniter\CodeIgniter->runController(Object(App\Controllers\Home))
 8 SYSTEMPATH\CodeIgniter.php(354): CodeIgniter\CodeIgniter->handleRequest(null, Object(Config\Cache), false)
 9 SYSTEMPATH\Boot.php(363): CodeIgniter\CodeIgniter->run()
10 SYSTEMPATH\Boot.php(68): CodeIgniter\Boot::runCodeIgniter(Object(CodeIgniter\CodeIgniter))
11 FCPATH\index.php(59): CodeIgniter\Boot::bootWeb(Object(Config\Paths))
12 SYSTEMPATH\rewrite.php(44): require_once('D:\\CodeIgniter4-4.6.4\\public\\index.php')
