ERROR - 2026-06-05 13:35:25 --> mysqli_sql_exception: Column 'id' in field list is ambiguous in D:\CodeIgniter4-4.6.4\system\Database\MySQLi\Connection.php:327
Stack trace:
#0 D:\CodeIgniter4-4.6.4\system\Database\MySQLi\Connection.php(327): mysqli->query('SELECT `id`, `n...', 0)
#1 D:\CodeIgniter4-4.6.4\system\Database\BaseConnection.php(729): CodeIgniter\Database\MySQLi\Connection->execute('SELECT `id`, `n...')
#2 D:\CodeIgniter4-4.6.4\system\Database\BaseConnection.php(646): CodeIgniter\Database\BaseConnection->simpleQuery('SELECT `id`, `n...')
#3 D:\CodeIgniter4-4.6.4\system\Database\BaseBuilder.php(1649): CodeIgniter\Database\BaseConnection->query('SELECT `id`, `n...', Array, false)
#4 D:\CodeIgniter4-4.6.4\system\Model.php(286): CodeIgniter\Database\BaseBuilder->get()
#5 D:\CodeIgniter4-4.6.4\system\BaseModel.php(677): CodeIgniter\Model->doFindAll(0, 0)
#6 D:\CodeIgniter4-4.6.4\app\Models\SekolahModel.php(65): CodeIgniter\BaseModel->findAll()
#7 D:\CodeIgniter4-4.6.4\app\Controllers\Home.php(33): App\Models\SekolahModel->forPeta()
#8 D:\CodeIgniter4-4.6.4\system\CodeIgniter.php(933): App\Controllers\Home->peta()
#9 D:\CodeIgniter4-4.6.4\system\CodeIgniter.php(507): CodeIgniter\CodeIgniter->runController(Object(App\Controllers\Home))
#10 D:\CodeIgniter4-4.6.4\system\CodeIgniter.php(354): CodeIgniter\CodeIgniter->handleRequest(NULL, Object(Config\Cache), false)
#11 D:\CodeIgniter4-4.6.4\system\Boot.php(363): CodeIgniter\CodeIgniter->run()
#12 D:\CodeIgniter4-4.6.4\system\Boot.php(68): CodeIgniter\Boot::runCodeIgniter(Object(CodeIgniter\CodeIgniter))
#13 D:\CodeIgniter4-4.6.4\public\index.php(59): CodeIgniter\Boot::bootWeb(Object(Config\Paths))
#14 D:\CodeIgniter4-4.6.4\system\rewrite.php(44): require_once('D:\\CodeIgniter4...')
#15 {main}
CRITICAL - 2026-06-05 13:35:25 --> CodeIgniter\Database\Exceptions\DatabaseException: Column 'id' in field list is ambiguous
[Method: GET, Route: peta]
in SYSTEMPATH\Database\BaseConnection.php on line 684.
 1 SYSTEMPATH\Database\BaseBuilder.php(1649): CodeIgniter\Database\BaseConnection->query('SELECT `id`, `nama_sekolah`, `jenjang`, `status`, `akreditasi`, `latitude`, `longitude`, `alamat`, `foto_utama`, `slug`
FROM `sekolah`
LEFT JOIN `statistik_sekolah` ON `statistik_sekolah`.`sekolah_id` = `sekolah`.`id`
WHERE `is_active` = :is_active:
AND `sekolah`.`deleted_at` IS NULL', [...], false)
 2 SYSTEMPATH\Model.php(286): CodeIgniter\Database\BaseBuilder->get()
 3 SYSTEMPATH\BaseModel.php(677): CodeIgniter\Model->doFindAll(0, 0)
 4 APPPATH\Models\SekolahModel.php(65): CodeIgniter\BaseModel->findAll()
 5 APPPATH\Controllers\Home.php(33): App\Models\SekolahModel->forPeta()
 6 SYSTEMPATH\CodeIgniter.php(933): App\Controllers\Home->peta()
 7 SYSTEMPATH\CodeIgniter.php(507): CodeIgniter\CodeIgniter->runController(Object(App\Controllers\Home))
 8 SYSTEMPATH\CodeIgniter.php(354): CodeIgniter\CodeIgniter->handleRequest(null, Object(Config\Cache), false)
 9 SYSTEMPATH\Boot.php(363): CodeIgniter\CodeIgniter->run()
10 SYSTEMPATH\Boot.php(68): CodeIgniter\Boot::runCodeIgniter(Object(CodeIgniter\CodeIgniter))
11 FCPATH\index.php(59): CodeIgniter\Boot::bootWeb(Object(Config\Paths))
12 SYSTEMPATH\rewrite.php(44): require_once('D:\\CodeIgniter4-4.6.4\\public\\index.php')
CRITICAL - 2026-06-05 13:35:25 --> [Caused by] CodeIgniter\Database\Exceptions\DatabaseException: Column 'id' in field list is ambiguous
in SYSTEMPATH\Database\MySQLi\Connection.php on line 332.
 1 SYSTEMPATH\Database\BaseConnection.php(729): CodeIgniter\Database\MySQLi\Connection->execute('SELECT `id`, `nama_sekolah`, `jenjang`, `status`, `akreditasi`, `latitude`, `longitude`, `alamat`, `foto_utama`, `slug`
FROM `sekolah`
LEFT JOIN `statistik_sekolah` ON `statistik_sekolah`.`sekolah_id` = `sekolah`.`id`
WHERE `is_active` = 1
AND `sekolah`.`deleted_at` IS NULL')
 2 SYSTEMPATH\Database\BaseConnection.php(646): CodeIgniter\Database\BaseConnection->simpleQuery('SELECT `id`, `nama_sekolah`, `jenjang`, `status`, `akreditasi`, `latitude`, `longitude`, `alamat`, `foto_utama`, `slug`
FROM `sekolah`
LEFT JOIN `statistik_sekolah` ON `statistik_sekolah`.`sekolah_id` = `sekolah`.`id`
WHERE `is_active` = 1
AND `sekolah`.`deleted_at` IS NULL')
 3 SYSTEMPATH\Database\BaseBuilder.php(1649): CodeIgniter\Database\BaseConnection->query('SELECT `id`, `nama_sekolah`, `jenjang`, `status`, `akreditasi`, `latitude`, `longitude`, `alamat`, `foto_utama`, `slug`
FROM `sekolah`
LEFT JOIN `statistik_sekolah` ON `statistik_sekolah`.`sekolah_id` = `sekolah`.`id`
WHERE `is_active` = :is_active:
AND `sekolah`.`deleted_at` IS NULL', [...], false)
 4 SYSTEMPATH\Model.php(286): CodeIgniter\Database\BaseBuilder->get()
 5 SYSTEMPATH\BaseModel.php(677): CodeIgniter\Model->doFindAll(0, 0)
 6 APPPATH\Models\SekolahModel.php(65): CodeIgniter\BaseModel->findAll()
 7 APPPATH\Controllers\Home.php(33): App\Models\SekolahModel->forPeta()
 8 SYSTEMPATH\CodeIgniter.php(933): App\Controllers\Home->peta()
 9 SYSTEMPATH\CodeIgniter.php(507): CodeIgniter\CodeIgniter->runController(Object(App\Controllers\Home))
10 SYSTEMPATH\CodeIgniter.php(354): CodeIgniter\CodeIgniter->handleRequest(null, Object(Config\Cache), false)
11 SYSTEMPATH\Boot.php(363): CodeIgniter\CodeIgniter->run()
12 SYSTEMPATH\Boot.php(68): CodeIgniter\Boot::runCodeIgniter(Object(CodeIgniter\CodeIgniter))
13 FCPATH\index.php(59): CodeIgniter\Boot::bootWeb(Object(Config\Paths))
14 SYSTEMPATH\rewrite.php(44): require_once('D:\\CodeIgniter4-4.6.4\\public\\index.php')
CRITICAL - 2026-06-05 13:35:25 --> [Caused by] mysqli_sql_exception: Column 'id' in field list is ambiguous
in SYSTEMPATH\Database\MySQLi\Connection.php on line 327.
 1 SYSTEMPATH\Database\MySQLi\Connection.php(327): mysqli->query('SELECT `id`, `nama_sekolah`, `jenjang`, `status`, `akreditasi`, `latitude`, `longitude`, `alamat`, `foto_utama`, `slug`
FROM `sekolah`
LEFT JOIN `statistik_sekolah` ON `statistik_sekolah`.`sekolah_id` = `sekolah`.`id`
WHERE `is_active` = 1
AND `sekolah`.`deleted_at` IS NULL', 0)
 2 SYSTEMPATH\Database\BaseConnection.php(729): CodeIgniter\Database\MySQLi\Connection->execute('SELECT `id`, `nama_sekolah`, `jenjang`, `status`, `akreditasi`, `latitude`, `longitude`, `alamat`, `foto_utama`, `slug`
FROM `sekolah`
LEFT JOIN `statistik_sekolah` ON `statistik_sekolah`.`sekolah_id` = `sekolah`.`id`
WHERE `is_active` = 1
AND `sekolah`.`deleted_at` IS NULL')
 3 SYSTEMPATH\Database\BaseConnection.php(646): CodeIgniter\Database\BaseConnection->simpleQuery('SELECT `id`, `nama_sekolah`, `jenjang`, `status`, `akreditasi`, `latitude`, `longitude`, `alamat`, `foto_utama`, `slug`
FROM `sekolah`
LEFT JOIN `statistik_sekolah` ON `statistik_sekolah`.`sekolah_id` = `sekolah`.`id`
WHERE `is_active` = 1
AND `sekolah`.`deleted_at` IS NULL')
 4 SYSTEMPATH\Database\BaseBuilder.php(1649): CodeIgniter\Database\BaseConnection->query('SELECT `id`, `nama_sekolah`, `jenjang`, `status`, `akreditasi`, `latitude`, `longitude`, `alamat`, `foto_utama`, `slug`
FROM `sekolah`
LEFT JOIN `statistik_sekolah` ON `statistik_sekolah`.`sekolah_id` = `sekolah`.`id`
WHERE `is_active` = :is_active:
AND `sekolah`.`deleted_at` IS NULL', [...], false)
 5 SYSTEMPATH\Model.php(286): CodeIgniter\Database\BaseBuilder->get()
 6 SYSTEMPATH\BaseModel.php(677): CodeIgniter\Model->doFindAll(0, 0)
 7 APPPATH\Models\SekolahModel.php(65): CodeIgniter\BaseModel->findAll()
 8 APPPATH\Controllers\Home.php(33): App\Models\SekolahModel->forPeta()
 9 SYSTEMPATH\CodeIgniter.php(933): App\Controllers\Home->peta()
10 SYSTEMPATH\CodeIgniter.php(507): CodeIgniter\CodeIgniter->runController(Object(App\Controllers\Home))
11 SYSTEMPATH\CodeIgniter.php(354): CodeIgniter\CodeIgniter->handleRequest(null, Object(Config\Cache), false)
12 SYSTEMPATH\Boot.php(363): CodeIgniter\CodeIgniter->run()
13 SYSTEMPATH\Boot.php(68): CodeIgniter\Boot::runCodeIgniter(Object(CodeIgniter\CodeIgniter))
14 FCPATH\index.php(59): CodeIgniter\Boot::bootWeb(Object(Config\Paths))
15 SYSTEMPATH\rewrite.php(44): require_once('D:\\CodeIgniter4-4.6.4\\public\\index.php')
