CRITICAL - 2026-06-03 14:41:53 --> CodeIgniter\Router\Exceptions\RouterException: A parameter does not match the expected type.
[Method: GET, Route: peta]
in SYSTEMPATH\Router\RouteCollection.php on line 1395.
 1 SYSTEMPATH\Router\RouteCollection.php(1395): CodeIgniter\Router\Exceptions\RouterException::forInvalidParameterType()
 2 SYSTEMPATH\Router\RouteCollection.php(1205): CodeIgniter\Router\RouteCollection->buildReverseRoute('sekolah/(:num)', [...])
 3 SYSTEMPATH\Common.php(983): CodeIgniter\Router\RouteCollection->reverseRoute('sekolah', 'SMA')
 4 SYSTEMPATH\Helpers\url_helper.php(505): route_to('sekolah', 'SMA')
 5 APPPATH\Views\pages\peta.php(25): url_to('sekolah', 'SMA')
 6 SYSTEMPATH\View\View.php(226): include('D:\\CodeIgniter4-4.6.4\\app\\Views\\pages\\peta.php')
 7 SYSTEMPATH\View\View.php(229): CodeIgniter\View\View->CodeIgniter\View\{closure}()
 8 SYSTEMPATH\Common.php(1199): CodeIgniter\View\View->render('pages/peta', [], true)
 9 APPPATH\Controllers\Home.php(14): view('pages/peta')
10 SYSTEMPATH\CodeIgniter.php(933): App\Controllers\Home->peta()
11 SYSTEMPATH\CodeIgniter.php(507): CodeIgniter\CodeIgniter->runController(Object(App\Controllers\Home))
12 SYSTEMPATH\CodeIgniter.php(354): CodeIgniter\CodeIgniter->handleRequest(null, Object(Config\Cache), false)
13 SYSTEMPATH\Boot.php(363): CodeIgniter\CodeIgniter->run()
14 SYSTEMPATH\Boot.php(68): CodeIgniter\Boot::runCodeIgniter(Object(CodeIgniter\CodeIgniter))
15 FCPATH\index.php(59): CodeIgniter\Boot::bootWeb(Object(Config\Paths))
16 SYSTEMPATH\rewrite.php(44): require_once('D:\\CodeIgniter4-4.6.4\\public\\index.php')
CRITICAL - 2026-06-03 14:42:18 --> CodeIgniter\Router\Exceptions\RouterException: A parameter does not match the expected type.
[Method: GET, Route: peta]
in SYSTEMPATH\Router\RouteCollection.php on line 1395.
 1 SYSTEMPATH\Router\RouteCollection.php(1395): CodeIgniter\Router\Exceptions\RouterException::forInvalidParameterType()
 2 SYSTEMPATH\Router\RouteCollection.php(1205): CodeIgniter\Router\RouteCollection->buildReverseRoute('sekolah/(:num)', [...])
 3 SYSTEMPATH\Common.php(983): CodeIgniter\Router\RouteCollection->reverseRoute('sekolah', 'SMA')
 4 SYSTEMPATH\Helpers\url_helper.php(505): route_to('sekolah', 'SMA')
 5 APPPATH\Views\pages\peta.php(25): url_to('sekolah', 'SMA')
 6 SYSTEMPATH\View\View.php(226): include('D:\\CodeIgniter4-4.6.4\\app\\Views\\pages\\peta.php')
 7 SYSTEMPATH\View\View.php(229): CodeIgniter\View\View->CodeIgniter\View\{closure}()
 8 SYSTEMPATH\Common.php(1199): CodeIgniter\View\View->render('pages/peta', [], true)
 9 APPPATH\Controllers\Home.php(14): view('pages/peta')
10 SYSTEMPATH\CodeIgniter.php(933): App\Controllers\Home->peta()
11 SYSTEMPATH\CodeIgniter.php(507): CodeIgniter\CodeIgniter->runController(Object(App\Controllers\Home))
12 SYSTEMPATH\CodeIgniter.php(354): CodeIgniter\CodeIgniter->handleRequest(null, Object(Config\Cache), false)
13 SYSTEMPATH\Boot.php(363): CodeIgniter\CodeIgniter->run()
14 SYSTEMPATH\Boot.php(68): CodeIgniter\Boot::runCodeIgniter(Object(CodeIgniter\CodeIgniter))
15 FCPATH\index.php(59): CodeIgniter\Boot::bootWeb(Object(Config\Paths))
16 SYSTEMPATH\rewrite.php(44): require_once('D:\\CodeIgniter4-4.6.4\\public\\index.php')
CRITICAL - 2026-06-03 14:42:53 --> CodeIgniter\Router\Exceptions\RouterException: A parameter does not match the expected type.
[Method: GET, Route: peta]
in SYSTEMPATH\Router\RouteCollection.php on line 1395.
 1 SYSTEMPATH\Router\RouteCollection.php(1395): CodeIgniter\Router\Exceptions\RouterException::forInvalidParameterType()
 2 SYSTEMPATH\Router\RouteCollection.php(1205): CodeIgniter\Router\RouteCollection->buildReverseRoute('sekolah/(:string)', [...])
 3 SYSTEMPATH\Common.php(983): CodeIgniter\Router\RouteCollection->reverseRoute('sekolah', 'SMA')
 4 SYSTEMPATH\Helpers\url_helper.php(505): route_to('sekolah', 'SMA')
 5 APPPATH\Views\pages\peta.php(25): url_to('sekolah', 'SMA')
 6 SYSTEMPATH\View\View.php(226): include('D:\\CodeIgniter4-4.6.4\\app\\Views\\pages\\peta.php')
 7 SYSTEMPATH\View\View.php(229): CodeIgniter\View\View->CodeIgniter\View\{closure}()
 8 SYSTEMPATH\Common.php(1199): CodeIgniter\View\View->render('pages/peta', [], true)
 9 APPPATH\Controllers\Home.php(14): view('pages/peta')
10 SYSTEMPATH\CodeIgniter.php(933): App\Controllers\Home->peta()
11 SYSTEMPATH\CodeIgniter.php(507): CodeIgniter\CodeIgniter->runController(Object(App\Controllers\Home))
12 SYSTEMPATH\CodeIgniter.php(354): CodeIgniter\CodeIgniter->handleRequest(null, Object(Config\Cache), false)
13 SYSTEMPATH\Boot.php(363): CodeIgniter\CodeIgniter->run()
14 SYSTEMPATH\Boot.php(68): CodeIgniter\Boot::runCodeIgniter(Object(CodeIgniter\CodeIgniter))
15 FCPATH\index.php(59): CodeIgniter\Boot::bootWeb(Object(Config\Paths))
16 SYSTEMPATH\rewrite.php(44): require_once('D:\\CodeIgniter4-4.6.4\\public\\index.php')
CRITICAL - 2026-06-03 14:42:57 --> CodeIgniter\Router\Exceptions\RouterException: A parameter does not match the expected type.
[Method: GET, Route: peta]
in SYSTEMPATH\Router\RouteCollection.php on line 1395.
 1 SYSTEMPATH\Router\RouteCollection.php(1395): CodeIgniter\Router\Exceptions\RouterException::forInvalidParameterType()
 2 SYSTEMPATH\Router\RouteCollection.php(1205): CodeIgniter\Router\RouteCollection->buildReverseRoute('sekolah/(:string)', [...])
 3 SYSTEMPATH\Common.php(983): CodeIgniter\Router\RouteCollection->reverseRoute('sekolah', 'SMA')
 4 SYSTEMPATH\Helpers\url_helper.php(505): route_to('sekolah', 'SMA')
 5 APPPATH\Views\pages\peta.php(25): url_to('sekolah', 'SMA')
 6 SYSTEMPATH\View\View.php(226): include('D:\\CodeIgniter4-4.6.4\\app\\Views\\pages\\peta.php')
 7 SYSTEMPATH\View\View.php(229): CodeIgniter\View\View->CodeIgniter\View\{closure}()
 8 SYSTEMPATH\Common.php(1199): CodeIgniter\View\View->render('pages/peta', [], true)
 9 APPPATH\Controllers\Home.php(14): view('pages/peta')
10 SYSTEMPATH\CodeIgniter.php(933): App\Controllers\Home->peta()
11 SYSTEMPATH\CodeIgniter.php(507): CodeIgniter\CodeIgniter->runController(Object(App\Controllers\Home))
12 SYSTEMPATH\CodeIgniter.php(354): CodeIgniter\CodeIgniter->handleRequest(null, Object(Config\Cache), false)
13 SYSTEMPATH\Boot.php(363): CodeIgniter\CodeIgniter->run()
14 SYSTEMPATH\Boot.php(68): CodeIgniter\Boot::runCodeIgniter(Object(CodeIgniter\CodeIgniter))
15 FCPATH\index.php(59): CodeIgniter\Boot::bootWeb(Object(Config\Paths))
16 SYSTEMPATH\rewrite.php(44): require_once('D:\\CodeIgniter4-4.6.4\\public\\index.php')
