CRITICAL - 2026-06-08 10:06:29 --> CodeIgniter\Router\Exceptions\RouterException: The route for "admin.sekolah.show" cannot be found.
[Method: GET, Route: admin/sekolah]
in SYSTEMPATH\Helpers\url_helper.php on line 512.
 1 SYSTEMPATH\Helpers\url_helper.php(512): CodeIgniter\Router\Exceptions\RouterException::forInvalidRoute('admin.sekolah.show')
 2 APPPATH\Views\pages\admin\sekolah\index.php(95): url_to('admin.sekolah.show', 'sman-1-batusangkar')
 3 SYSTEMPATH\View\View.php(226): include('D:\\CodeIgniter4-4.6.4\\app\\Views\\pages\\admin\\sekolah\\index.php')
 4 SYSTEMPATH\View\View.php(229): CodeIgniter\View\View->CodeIgniter\View\{closure}()
 5 SYSTEMPATH\Common.php(1199): CodeIgniter\View\View->render('pages/admin/sekolah/index', [], true)
 6 APPPATH\Controllers\Admin\SekolahController.php(25): view('pages/admin/sekolah/index', [...])
 7 SYSTEMPATH\CodeIgniter.php(933): App\Controllers\Admin\SekolahController->index()
 8 SYSTEMPATH\CodeIgniter.php(507): CodeIgniter\CodeIgniter->runController(Object(App\Controllers\Admin\SekolahController))
 9 SYSTEMPATH\CodeIgniter.php(354): CodeIgniter\CodeIgniter->handleRequest(null, Object(Config\Cache), false)
10 SYSTEMPATH\Boot.php(363): CodeIgniter\CodeIgniter->run()
11 SYSTEMPATH\Boot.php(68): CodeIgniter\Boot::runCodeIgniter(Object(CodeIgniter\CodeIgniter))
12 FCPATH\index.php(59): CodeIgniter\Boot::bootWeb(Object(Config\Paths))
13 SYSTEMPATH\rewrite.php(44): require_once('D:\\CodeIgniter4-4.6.4\\public\\index.php')
CRITICAL - 2026-06-08 10:12:14 --> ParseError: syntax error, unexpected token "}"
[Method: GET, Route: admin/sekolah]
in APPPATH\Config\Routes.php on line 27.
 1 SYSTEMPATH\CodeIgniter.php(821): CodeIgniter\Router\RouteCollection->loadRoutes()
 2 SYSTEMPATH\CodeIgniter.php(455): CodeIgniter\CodeIgniter->tryToRouteIt(null)
 3 SYSTEMPATH\CodeIgniter.php(354): CodeIgniter\CodeIgniter->handleRequest(null, Object(Config\Cache), false)
 4 SYSTEMPATH\Boot.php(363): CodeIgniter\CodeIgniter->run()
 5 SYSTEMPATH\Boot.php(68): CodeIgniter\Boot::runCodeIgniter(Object(CodeIgniter\CodeIgniter))
 6 FCPATH\index.php(59): CodeIgniter\Boot::bootWeb(Object(Config\Paths))
 7 SYSTEMPATH\rewrite.php(44): require_once('D:\\CodeIgniter4-4.6.4\\public\\index.php')
CRITICAL - 2026-06-08 10:13:38 --> CodeIgniter\Exceptions\BadMethodCallException: Call to undefined method App\Models\SekolahModel::getFiltered
[Method: GET, Route: admin/sekolah/data]
in SYSTEMPATH\Model.php on line 927.
 1 APPPATH\Controllers\Admin\SekolahController.php(48): CodeIgniter\Model->__call('getFiltered', [...])
 2 SYSTEMPATH\CodeIgniter.php(933): App\Controllers\Admin\SekolahController->getData()
 3 SYSTEMPATH\CodeIgniter.php(507): CodeIgniter\CodeIgniter->runController(Object(App\Controllers\Admin\SekolahController))
 4 SYSTEMPATH\CodeIgniter.php(354): CodeIgniter\CodeIgniter->handleRequest(null, Object(Config\Cache), false)
 5 SYSTEMPATH\Boot.php(363): CodeIgniter\CodeIgniter->run()
 6 SYSTEMPATH\Boot.php(68): CodeIgniter\Boot::runCodeIgniter(Object(CodeIgniter\CodeIgniter))
 7 FCPATH\index.php(59): CodeIgniter\Boot::bootWeb(Object(Config\Paths))
 8 SYSTEMPATH\rewrite.php(44): require_once('D:\\CodeIgniter4-4.6.4\\public\\index.php')
CRITICAL - 2026-06-08 10:13:44 --> CodeIgniter\Exceptions\BadMethodCallException: Call to undefined method App\Models\SekolahModel::getFiltered
[Method: GET, Route: admin/sekolah/data]
in SYSTEMPATH\Model.php on line 927.
 1 APPPATH\Controllers\Admin\SekolahController.php(48): CodeIgniter\Model->__call('getFiltered', [...])
 2 SYSTEMPATH\CodeIgniter.php(933): App\Controllers\Admin\SekolahController->getData()
 3 SYSTEMPATH\CodeIgniter.php(507): CodeIgniter\CodeIgniter->runController(Object(App\Controllers\Admin\SekolahController))
 4 SYSTEMPATH\CodeIgniter.php(354): CodeIgniter\CodeIgniter->handleRequest(null, Object(Config\Cache), false)
 5 SYSTEMPATH\Boot.php(363): CodeIgniter\CodeIgniter->run()
 6 SYSTEMPATH\Boot.php(68): CodeIgniter\Boot::runCodeIgniter(Object(CodeIgniter\CodeIgniter))
 7 FCPATH\index.php(59): CodeIgniter\Boot::bootWeb(Object(Config\Paths))
 8 SYSTEMPATH\rewrite.php(44): require_once('D:\\CodeIgniter4-4.6.4\\public\\index.php')
CRITICAL - 2026-06-08 10:13:55 --> CodeIgniter\Exceptions\BadMethodCallException: Call to undefined method App\Models\SekolahModel::getFiltered
[Method: GET, Route: admin/sekolah/data]
in SYSTEMPATH\Model.php on line 927.
 1 APPPATH\Controllers\Admin\SekolahController.php(48): CodeIgniter\Model->__call('getFiltered', [...])
 2 SYSTEMPATH\CodeIgniter.php(933): App\Controllers\Admin\SekolahController->getData()
 3 SYSTEMPATH\CodeIgniter.php(507): CodeIgniter\CodeIgniter->runController(Object(App\Controllers\Admin\SekolahController))
 4 SYSTEMPATH\CodeIgniter.php(354): CodeIgniter\CodeIgniter->handleRequest(null, Object(Config\Cache), false)
 5 SYSTEMPATH\Boot.php(363): CodeIgniter\CodeIgniter->run()
 6 SYSTEMPATH\Boot.php(68): CodeIgniter\Boot::runCodeIgniter(Object(CodeIgniter\CodeIgniter))
 7 FCPATH\index.php(59): CodeIgniter\Boot::bootWeb(Object(Config\Paths))
 8 SYSTEMPATH\rewrite.php(44): require_once('D:\\CodeIgniter4-4.6.4\\public\\index.php')
CRITICAL - 2026-06-08 10:14:02 --> CodeIgniter\Exceptions\BadMethodCallException: Call to undefined method App\Models\SekolahModel::getFiltered
[Method: GET, Route: admin/sekolah/data]
in SYSTEMPATH\Model.php on line 927.
 1 APPPATH\Controllers\Admin\SekolahController.php(48): CodeIgniter\Model->__call('getFiltered', [...])
 2 SYSTEMPATH\CodeIgniter.php(933): App\Controllers\Admin\SekolahController->getData()
 3 SYSTEMPATH\CodeIgniter.php(507): CodeIgniter\CodeIgniter->runController(Object(App\Controllers\Admin\SekolahController))
 4 SYSTEMPATH\CodeIgniter.php(354): CodeIgniter\CodeIgniter->handleRequest(null, Object(Config\Cache), false)
 5 SYSTEMPATH\Boot.php(363): CodeIgniter\CodeIgniter->run()
 6 SYSTEMPATH\Boot.php(68): CodeIgniter\Boot::runCodeIgniter(Object(CodeIgniter\CodeIgniter))
 7 FCPATH\index.php(59): CodeIgniter\Boot::bootWeb(Object(Config\Paths))
 8 SYSTEMPATH\rewrite.php(44): require_once('D:\\CodeIgniter4-4.6.4\\public\\index.php')
CRITICAL - 2026-06-08 10:14:10 --> CodeIgniter\Exceptions\BadMethodCallException: Call to undefined method App\Models\SekolahModel::getFiltered
[Method: GET, Route: admin/sekolah/data]
in SYSTEMPATH\Model.php on line 927.
 1 APPPATH\Controllers\Admin\SekolahController.php(48): CodeIgniter\Model->__call('getFiltered', [...])
 2 SYSTEMPATH\CodeIgniter.php(933): App\Controllers\Admin\SekolahController->getData()
 3 SYSTEMPATH\CodeIgniter.php(507): CodeIgniter\CodeIgniter->runController(Object(App\Controllers\Admin\SekolahController))
 4 SYSTEMPATH\CodeIgniter.php(354): CodeIgniter\CodeIgniter->handleRequest(null, Object(Config\Cache), false)
 5 SYSTEMPATH\Boot.php(363): CodeIgniter\CodeIgniter->run()
 6 SYSTEMPATH\Boot.php(68): CodeIgniter\Boot::runCodeIgniter(Object(CodeIgniter\CodeIgniter))
 7 FCPATH\index.php(59): CodeIgniter\Boot::bootWeb(Object(Config\Paths))
 8 SYSTEMPATH\rewrite.php(44): require_once('D:\\CodeIgniter4-4.6.4\\public\\index.php')
CRITICAL - 2026-06-08 10:14:16 --> CodeIgniter\Exceptions\BadMethodCallException: Call to undefined method App\Models\SekolahModel::getFiltered
[Method: GET, Route: admin/sekolah/data]
in SYSTEMPATH\Model.php on line 927.
 1 APPPATH\Controllers\Admin\SekolahController.php(48): CodeIgniter\Model->__call('getFiltered', [...])
 2 SYSTEMPATH\CodeIgniter.php(933): App\Controllers\Admin\SekolahController->getData()
 3 SYSTEMPATH\CodeIgniter.php(507): CodeIgniter\CodeIgniter->runController(Object(App\Controllers\Admin\SekolahController))
 4 SYSTEMPATH\CodeIgniter.php(354): CodeIgniter\CodeIgniter->handleRequest(null, Object(Config\Cache), false)
 5 SYSTEMPATH\Boot.php(363): CodeIgniter\CodeIgniter->run()
 6 SYSTEMPATH\Boot.php(68): CodeIgniter\Boot::runCodeIgniter(Object(CodeIgniter\CodeIgniter))
 7 FCPATH\index.php(59): CodeIgniter\Boot::bootWeb(Object(Config\Paths))
 8 SYSTEMPATH\rewrite.php(44): require_once('D:\\CodeIgniter4-4.6.4\\public\\index.php')
CRITICAL - 2026-06-08 10:14:52 --> CodeIgniter\Exceptions\InvalidArgumentException: Missing argument for "(:segment)" in route "admin/sekolah/(:segment)/delete".
[Method: GET, Route: admin/sekolah]
in SYSTEMPATH\Router\RouteCollection.php on line 1384.
 1 SYSTEMPATH\Router\RouteCollection.php(1205): CodeIgniter\Router\RouteCollection->buildReverseRoute('admin/sekolah/(:segment)/delete', [])
 2 SYSTEMPATH\Common.php(983): CodeIgniter\Router\RouteCollection->reverseRoute('admin.sekolah.delete')
 3 SYSTEMPATH\Helpers\url_helper.php(505): route_to('admin.sekolah.delete')
 4 APPPATH\Views\pages\admin\sekolah\index.php(109): url_to('admin.sekolah.delete')
 5 SYSTEMPATH\View\View.php(226): include('D:\\CodeIgniter4-4.6.4\\app\\Views\\pages\\admin\\sekolah\\index.php')
 6 SYSTEMPATH\View\View.php(229): CodeIgniter\View\View->CodeIgniter\View\{closure}()
 7 SYSTEMPATH\Common.php(1199): CodeIgniter\View\View->render('pages/admin/sekolah/index', [], true)
 8 APPPATH\Controllers\Admin\SekolahController.php(30): view('pages/admin/sekolah/index')
 9 SYSTEMPATH\CodeIgniter.php(933): App\Controllers\Admin\SekolahController->index()
10 SYSTEMPATH\CodeIgniter.php(507): CodeIgniter\CodeIgniter->runController(Object(App\Controllers\Admin\SekolahController))
11 SYSTEMPATH\CodeIgniter.php(354): CodeIgniter\CodeIgniter->handleRequest(null, Object(Config\Cache), false)
12 SYSTEMPATH\Boot.php(363): CodeIgniter\CodeIgniter->run()
13 SYSTEMPATH\Boot.php(68): CodeIgniter\Boot::runCodeIgniter(Object(CodeIgniter\CodeIgniter))
14 FCPATH\index.php(59): CodeIgniter\Boot::bootWeb(Object(Config\Paths))
15 SYSTEMPATH\rewrite.php(44): require_once('D:\\CodeIgniter4-4.6.4\\public\\index.php')
CRITICAL - 2026-06-08 10:14:53 --> CodeIgniter\Exceptions\InvalidArgumentException: Missing argument for "(:segment)" in route "admin/sekolah/(:segment)/delete".
[Method: GET, Route: admin/sekolah]
in SYSTEMPATH\Router\RouteCollection.php on line 1384.
 1 SYSTEMPATH\Router\RouteCollection.php(1205): CodeIgniter\Router\RouteCollection->buildReverseRoute('admin/sekolah/(:segment)/delete', [])
 2 SYSTEMPATH\Common.php(983): CodeIgniter\Router\RouteCollection->reverseRoute('admin.sekolah.delete')
 3 SYSTEMPATH\Helpers\url_helper.php(505): route_to('admin.sekolah.delete')
 4 APPPATH\Views\pages\admin\sekolah\index.php(109): url_to('admin.sekolah.delete')
 5 SYSTEMPATH\View\View.php(226): include('D:\\CodeIgniter4-4.6.4\\app\\Views\\pages\\admin\\sekolah\\index.php')
 6 SYSTEMPATH\View\View.php(229): CodeIgniter\View\View->CodeIgniter\View\{closure}()
 7 SYSTEMPATH\Common.php(1199): CodeIgniter\View\View->render('pages/admin/sekolah/index', [], true)
 8 APPPATH\Controllers\Admin\SekolahController.php(30): view('pages/admin/sekolah/index')
 9 SYSTEMPATH\CodeIgniter.php(933): App\Controllers\Admin\SekolahController->index()
10 SYSTEMPATH\CodeIgniter.php(507): CodeIgniter\CodeIgniter->runController(Object(App\Controllers\Admin\SekolahController))
11 SYSTEMPATH\CodeIgniter.php(354): CodeIgniter\CodeIgniter->handleRequest(null, Object(Config\Cache), false)
12 SYSTEMPATH\Boot.php(363): CodeIgniter\CodeIgniter->run()
13 SYSTEMPATH\Boot.php(68): CodeIgniter\Boot::runCodeIgniter(Object(CodeIgniter\CodeIgniter))
14 FCPATH\index.php(59): CodeIgniter\Boot::bootWeb(Object(Config\Paths))
15 SYSTEMPATH\rewrite.php(44): require_once('D:\\CodeIgniter4-4.6.4\\public\\index.php')
CRITICAL - 2026-06-08 10:14:58 --> CodeIgniter\Exceptions\BadMethodCallException: Call to undefined method App\Models\SekolahModel::getFiltered
[Method: GET, Route: admin/sekolah/data]
in SYSTEMPATH\Model.php on line 927.
 1 APPPATH\Controllers\Admin\SekolahController.php(48): CodeIgniter\Model->__call('getFiltered', [...])
 2 SYSTEMPATH\CodeIgniter.php(933): App\Controllers\Admin\SekolahController->getData()
 3 SYSTEMPATH\CodeIgniter.php(507): CodeIgniter\CodeIgniter->runController(Object(App\Controllers\Admin\SekolahController))
 4 SYSTEMPATH\CodeIgniter.php(354): CodeIgniter\CodeIgniter->handleRequest(null, Object(Config\Cache), false)
 5 SYSTEMPATH\Boot.php(363): CodeIgniter\CodeIgniter->run()
 6 SYSTEMPATH\Boot.php(68): CodeIgniter\Boot::runCodeIgniter(Object(CodeIgniter\CodeIgniter))
 7 FCPATH\index.php(59): CodeIgniter\Boot::bootWeb(Object(Config\Paths))
 8 SYSTEMPATH\rewrite.php(44): require_once('D:\\CodeIgniter4-4.6.4\\public\\index.php')
CRITICAL - 2026-06-08 10:15:00 --> CodeIgniter\Exceptions\BadMethodCallException: Call to undefined method App\Models\SekolahModel::getFiltered
[Method: GET, Route: admin/sekolah/data]
in SYSTEMPATH\Model.php on line 927.
 1 APPPATH\Controllers\Admin\SekolahController.php(48): CodeIgniter\Model->__call('getFiltered', [...])
 2 SYSTEMPATH\CodeIgniter.php(933): App\Controllers\Admin\SekolahController->getData()
 3 SYSTEMPATH\CodeIgniter.php(507): CodeIgniter\CodeIgniter->runController(Object(App\Controllers\Admin\SekolahController))
 4 SYSTEMPATH\CodeIgniter.php(354): CodeIgniter\CodeIgniter->handleRequest(null, Object(Config\Cache), false)
 5 SYSTEMPATH\Boot.php(363): CodeIgniter\CodeIgniter->run()
 6 SYSTEMPATH\Boot.php(68): CodeIgniter\Boot::runCodeIgniter(Object(CodeIgniter\CodeIgniter))
 7 FCPATH\index.php(59): CodeIgniter\Boot::bootWeb(Object(Config\Paths))
 8 SYSTEMPATH\rewrite.php(44): require_once('D:\\CodeIgniter4-4.6.4\\public\\index.php')
CRITICAL - 2026-06-08 10:19:01 --> CodeIgniter\Exceptions\BadMethodCallException: Call to undefined method App\Models\SekolahModel::getFiltered
[Method: GET, Route: admin/sekolah/data]
in SYSTEMPATH\Model.php on line 927.
 1 APPPATH\Controllers\Admin\SekolahController.php(42): CodeIgniter\Model->__call('getFiltered', [...])
 2 SYSTEMPATH\CodeIgniter.php(933): App\Controllers\Admin\SekolahController->getData()
 3 SYSTEMPATH\CodeIgniter.php(507): CodeIgniter\CodeIgniter->runController(Object(App\Controllers\Admin\SekolahController))
 4 SYSTEMPATH\CodeIgniter.php(354): CodeIgniter\CodeIgniter->handleRequest(null, Object(Config\Cache), false)
 5 SYSTEMPATH\Boot.php(363): CodeIgniter\CodeIgniter->run()
 6 SYSTEMPATH\Boot.php(68): CodeIgniter\Boot::runCodeIgniter(Object(CodeIgniter\CodeIgniter))
 7 FCPATH\index.php(59): CodeIgniter\Boot::bootWeb(Object(Config\Paths))
 8 SYSTEMPATH\rewrite.php(44): require_once('D:\\CodeIgniter4-4.6.4\\public\\index.php')
DEBUG - 2026-06-08 10:21:47 --> Session: Class initialized using 'CodeIgniter\Session\Handlers\FileHandler' driver.
DEBUG - 2026-06-08 10:21:48 --> Session: Class initialized using 'CodeIgniter\Session\Handlers\FileHandler' driver.
DEBUG - 2026-06-08 10:22:53 --> Session: Class initialized using 'CodeIgniter\Session\Handlers\FileHandler' driver.
DEBUG - 2026-06-08 10:22:54 --> Session: Class initialized using 'CodeIgniter\Session\Handlers\FileHandler' driver.
DEBUG - 2026-06-08 10:22:54 --> Session: Class initialized using 'CodeIgniter\Session\Handlers\FileHandler' driver.
DEBUG - 2026-06-08 10:22:55 --> Session: Class initialized using 'CodeIgniter\Session\Handlers\FileHandler' driver.
DEBUG - 2026-06-08 10:22:55 --> Session: Class initialized using 'CodeIgniter\Session\Handlers\FileHandler' driver.
DEBUG - 2026-06-08 10:23:05 --> Session: Class initialized using 'CodeIgniter\Session\Handlers\FileHandler' driver.
DEBUG - 2026-06-08 10:23:12 --> Session: Class initialized using 'CodeIgniter\Session\Handlers\FileHandler' driver.
CRITICAL - 2026-06-08 10:25:21 --> CodeIgniter\Exceptions\BadMethodCallException: Call to undefined method App\Models\SekolahModel::getFiltered
[Method: GET, Route: admin/sekolah/data]
in SYSTEMPATH\Model.php on line 927.
 1 APPPATH\Controllers\Admin\SekolahController.php(44): CodeIgniter\Model->__call('getFiltered', [...])
 2 SYSTEMPATH\CodeIgniter.php(933): App\Controllers\Admin\SekolahController->getData()
 3 SYSTEMPATH\CodeIgniter.php(507): CodeIgniter\CodeIgniter->runController(Object(App\Controllers\Admin\SekolahController))
 4 SYSTEMPATH\CodeIgniter.php(354): CodeIgniter\CodeIgniter->handleRequest(null, Object(Config\Cache), false)
 5 SYSTEMPATH\Boot.php(363): CodeIgniter\CodeIgniter->run()
 6 SYSTEMPATH\Boot.php(68): CodeIgniter\Boot::runCodeIgniter(Object(CodeIgniter\CodeIgniter))
 7 FCPATH\index.php(59): CodeIgniter\Boot::bootWeb(Object(Config\Paths))
 8 SYSTEMPATH\rewrite.php(44): require_once('D:\\CodeIgniter4-4.6.4\\public\\index.php')
CRITICAL - 2026-06-08 10:25:26 --> CodeIgniter\Exceptions\BadMethodCallException: Call to undefined method App\Models\SekolahModel::getFiltered
[Method: GET, Route: admin/sekolah/data]
in SYSTEMPATH\Model.php on line 927.
 1 APPPATH\Controllers\Admin\SekolahController.php(44): CodeIgniter\Model->__call('getFiltered', [...])
 2 SYSTEMPATH\CodeIgniter.php(933): App\Controllers\Admin\SekolahController->getData()
 3 SYSTEMPATH\CodeIgniter.php(507): CodeIgniter\CodeIgniter->runController(Object(App\Controllers\Admin\SekolahController))
 4 SYSTEMPATH\CodeIgniter.php(354): CodeIgniter\CodeIgniter->handleRequest(null, Object(Config\Cache), false)
 5 SYSTEMPATH\Boot.php(363): CodeIgniter\CodeIgniter->run()
 6 SYSTEMPATH\Boot.php(68): CodeIgniter\Boot::runCodeIgniter(Object(CodeIgniter\CodeIgniter))
 7 FCPATH\index.php(59): CodeIgniter\Boot::bootWeb(Object(Config\Paths))
 8 SYSTEMPATH\rewrite.php(44): require_once('D:\\CodeIgniter4-4.6.4\\public\\index.php')
CRITICAL - 2026-06-08 10:25:52 --> CodeIgniter\Exceptions\BadMethodCallException: Call to undefined method App\Models\SekolahModel::getFiltered
[Method: GET, Route: admin/sekolah/data]
in SYSTEMPATH\Model.php on line 927.
 1 APPPATH\Controllers\Admin\SekolahController.php(70): CodeIgniter\Model->__call('getFiltered', [...])
 2 SYSTEMPATH\CodeIgniter.php(933): App\Controllers\Admin\SekolahController->getData()
 3 SYSTEMPATH\CodeIgniter.php(507): CodeIgniter\CodeIgniter->runController(Object(App\Controllers\Admin\SekolahController))
 4 SYSTEMPATH\CodeIgniter.php(354): CodeIgniter\CodeIgniter->handleRequest(null, Object(Config\Cache), false)
 5 SYSTEMPATH\Boot.php(363): CodeIgniter\CodeIgniter->run()
 6 SYSTEMPATH\Boot.php(68): CodeIgniter\Boot::runCodeIgniter(Object(CodeIgniter\CodeIgniter))
 7 FCPATH\index.php(59): CodeIgniter\Boot::bootWeb(Object(Config\Paths))
 8 SYSTEMPATH\rewrite.php(44): require_once('D:\\CodeIgniter4-4.6.4\\public\\index.php')
CRITICAL - 2026-06-08 10:25:53 --> CodeIgniter\Exceptions\BadMethodCallException: Call to undefined method App\Models\SekolahModel::getFiltered
[Method: GET, Route: admin/sekolah/data]
in SYSTEMPATH\Model.php on line 927.
 1 APPPATH\Controllers\Admin\SekolahController.php(70): CodeIgniter\Model->__call('getFiltered', [...])
 2 SYSTEMPATH\CodeIgniter.php(933): App\Controllers\Admin\SekolahController->getData()
 3 SYSTEMPATH\CodeIgniter.php(507): CodeIgniter\CodeIgniter->runController(Object(App\Controllers\Admin\SekolahController))
 4 SYSTEMPATH\CodeIgniter.php(354): CodeIgniter\CodeIgniter->handleRequest(null, Object(Config\Cache), false)
 5 SYSTEMPATH\Boot.php(363): CodeIgniter\CodeIgniter->run()
 6 SYSTEMPATH\Boot.php(68): CodeIgniter\Boot::runCodeIgniter(Object(CodeIgniter\CodeIgniter))
 7 FCPATH\index.php(59): CodeIgniter\Boot::bootWeb(Object(Config\Paths))
 8 SYSTEMPATH\rewrite.php(44): require_once('D:\\CodeIgniter4-4.6.4\\public\\index.php')
CRITICAL - 2026-06-08 10:25:53 --> CodeIgniter\Exceptions\BadMethodCallException: Call to undefined method App\Models\SekolahModel::getFiltered
[Method: GET, Route: admin/sekolah/data]
in SYSTEMPATH\Model.php on line 927.
 1 APPPATH\Controllers\Admin\SekolahController.php(70): CodeIgniter\Model->__call('getFiltered', [...])
 2 SYSTEMPATH\CodeIgniter.php(933): App\Controllers\Admin\SekolahController->getData()
 3 SYSTEMPATH\CodeIgniter.php(507): CodeIgniter\CodeIgniter->runController(Object(App\Controllers\Admin\SekolahController))
 4 SYSTEMPATH\CodeIgniter.php(354): CodeIgniter\CodeIgniter->handleRequest(null, Object(Config\Cache), false)
 5 SYSTEMPATH\Boot.php(363): CodeIgniter\CodeIgniter->run()
 6 SYSTEMPATH\Boot.php(68): CodeIgniter\Boot::runCodeIgniter(Object(CodeIgniter\CodeIgniter))
 7 FCPATH\index.php(59): CodeIgniter\Boot::bootWeb(Object(Config\Paths))
 8 SYSTEMPATH\rewrite.php(44): require_once('D:\\CodeIgniter4-4.6.4\\public\\index.php')
CRITICAL - 2026-06-08 10:25:53 --> CodeIgniter\Exceptions\BadMethodCallException: Call to undefined method App\Models\SekolahModel::getFiltered
[Method: GET, Route: admin/sekolah/data]
in SYSTEMPATH\Model.php on line 927.
 1 APPPATH\Controllers\Admin\SekolahController.php(70): CodeIgniter\Model->__call('getFiltered', [...])
 2 SYSTEMPATH\CodeIgniter.php(933): App\Controllers\Admin\SekolahController->getData()
 3 SYSTEMPATH\CodeIgniter.php(507): CodeIgniter\CodeIgniter->runController(Object(App\Controllers\Admin\SekolahController))
 4 SYSTEMPATH\CodeIgniter.php(354): CodeIgniter\CodeIgniter->handleRequest(null, Object(Config\Cache), false)
 5 SYSTEMPATH\Boot.php(363): CodeIgniter\CodeIgniter->run()
 6 SYSTEMPATH\Boot.php(68): CodeIgniter\Boot::runCodeIgniter(Object(CodeIgniter\CodeIgniter))
 7 FCPATH\index.php(59): CodeIgniter\Boot::bootWeb(Object(Config\Paths))
 8 SYSTEMPATH\rewrite.php(44): require_once('D:\\CodeIgniter4-4.6.4\\public\\index.php')
CRITICAL - 2026-06-08 10:25:54 --> CodeIgniter\Exceptions\BadMethodCallException: Call to undefined method App\Models\SekolahModel::getFiltered
[Method: GET, Route: admin/sekolah/data]
in SYSTEMPATH\Model.php on line 927.
 1 APPPATH\Controllers\Admin\SekolahController.php(70): CodeIgniter\Model->__call('getFiltered', [...])
 2 SYSTEMPATH\CodeIgniter.php(933): App\Controllers\Admin\SekolahController->getData()
 3 SYSTEMPATH\CodeIgniter.php(507): CodeIgniter\CodeIgniter->runController(Object(App\Controllers\Admin\SekolahController))
 4 SYSTEMPATH\CodeIgniter.php(354): CodeIgniter\CodeIgniter->handleRequest(null, Object(Config\Cache), false)
 5 SYSTEMPATH\Boot.php(363): CodeIgniter\CodeIgniter->run()
 6 SYSTEMPATH\Boot.php(68): CodeIgniter\Boot::runCodeIgniter(Object(CodeIgniter\CodeIgniter))
 7 FCPATH\index.php(59): CodeIgniter\Boot::bootWeb(Object(Config\Paths))
 8 SYSTEMPATH\rewrite.php(44): require_once('D:\\CodeIgniter4-4.6.4\\public\\index.php')
DEBUG - 2026-06-08 10:26:30 --> Session: Class initialized using 'CodeIgniter\Session\Handlers\FileHandler' driver.
DEBUG - 2026-06-08 10:26:34 --> Session: Class initialized using 'CodeIgniter\Session\Handlers\FileHandler' driver.
DEBUG - 2026-06-08 10:26:36 --> Session: Class initialized using 'CodeIgniter\Session\Handlers\FileHandler' driver.
DEBUG - 2026-06-08 10:26:39 --> Session: Class initialized using 'CodeIgniter\Session\Handlers\FileHandler' driver.
CRITICAL - 2026-06-08 10:26:52 --> ErrorException: ini_set(): Session ini settings cannot be changed after headers have already been sent
[Method: GET, Route: __hot-reload]
in SYSTEMPATH\Session\Handlers\FileHandler.php on line 74.
 1 [internal function]: CodeIgniter\Debug\Exceptions->errorHandler(2, 'ini_set(): Session ini settings cannot be changed after headers have already been sent', 'D:\\CodeIgniter4-4.6.4\\system\\Session\\Handlers\\FileHandler.php', 74)
 2 SYSTEMPATH\Session\Handlers\FileHandler.php(74): ini_set('session.save_path', 'D:\\CodeIgniter4-4.6.4\\writable\\session')
 3 SYSTEMPATH\Config\Services.php(702): CodeIgniter\Session\Handlers\FileHandler->__construct(Object(Config\Session), '::1')
 4 SYSTEMPATH\Config\BaseService.php(312): CodeIgniter\Config\Services::session(Object(Config\Session), false)
 5 SYSTEMPATH\Config\BaseService.php(251): CodeIgniter\Config\BaseService::__callStatic('session', [...])
 6 SYSTEMPATH\Config\Services.php(668): CodeIgniter\Config\BaseService::getSharedInstance('session', null)
 7 SYSTEMPATH\Config\BaseService.php(321): CodeIgniter\Config\Services::session()
 8 SYSTEMPATH\Config\BaseService.php(202): CodeIgniter\Config\BaseService::__callStatic('session', [])
 9 SYSTEMPATH\Common.php(1027): CodeIgniter\Config\BaseService::get('session')
10 SYSTEMPATH\Common.php(1000): service('session')
11 VENDORPATH\codeigniter4\shield\src\Authentication\Authenticators\Session.php(682): session('user')
12 VENDORPATH\codeigniter4\shield\src\Authentication\Authenticators\Session.php(700): CodeIgniter\Shield\Authentication\Authenticators\Session->getSessionUserInfo()
13 VENDORPATH\codeigniter4\shield\src\Authentication\Authenticators\Session.php(387): CodeIgniter\Shield\Authentication\Authenticators\Session->getSessionUserKey('id')
14 VENDORPATH\codeigniter4\shield\src\Authentication\Authenticators\Session.php(371): CodeIgniter\Shield\Authentication\Authenticators\Session->checkUserState()
15 VENDORPATH\codeigniter4\shield\src\Auth.php(189): CodeIgniter\Shield\Authentication\Authenticators\Session->loggedIn()
16 VENDORPATH\codeigniter4\shield\src\Collectors\Auth.php(76): CodeIgniter\Shield\Auth->__call('loggedIn', [])
17 SYSTEMPATH\Debug\Toolbar\Collectors\BaseCollector.php(228): CodeIgniter\Shield\Collectors\Auth->display()
18 SYSTEMPATH\Debug\Toolbar.php(95): CodeIgniter\Debug\Toolbar\Collectors\BaseCollector->getAsArray()
19 SYSTEMPATH\Debug\Toolbar.php(390): CodeIgniter\Debug\Toolbar->run(1780914400.562809, 11.5826, Object(CodeIgniter\HTTP\IncomingRequest), Object(CodeIgniter\HTTP\Response))
20 SYSTEMPATH\Filters\DebugToolbar.php(44): CodeIgniter\Debug\Toolbar->prepare(Object(CodeIgniter\HTTP\IncomingRequest), Object(CodeIgniter\HTTP\Response))
21 SYSTEMPATH\Filters\Filters.php(278): CodeIgniter\Filters\DebugToolbar->after(Object(CodeIgniter\HTTP\IncomingRequest), Object(CodeIgniter\HTTP\Response), null)
22 SYSTEMPATH\Filters\Filters.php(364): CodeIgniter\Filters\Filters->runAfter([...])
23 SYSTEMPATH\CodeIgniter.php(407): CodeIgniter\Filters\Filters->runRequired('after')
24 SYSTEMPATH\CodeIgniter.php(368): CodeIgniter\CodeIgniter->runRequiredAfterFilters(Object(CodeIgniter\Filters\Filters))
25 SYSTEMPATH\Boot.php(363): CodeIgniter\CodeIgniter->run()
26 SYSTEMPATH\Boot.php(68): CodeIgniter\Boot::runCodeIgniter(Object(CodeIgniter\CodeIgniter))
27 FCPATH\index.php(59): CodeIgniter\Boot::bootWeb(Object(Config\Paths))
28 SYSTEMPATH\rewrite.php(44): require_once('D:\\CodeIgniter4-4.6.4\\public\\index.php')
DEBUG - 2026-06-08 10:26:54 --> Session: Class initialized using 'CodeIgniter\Session\Handlers\FileHandler' driver.
CRITICAL - 2026-06-08 10:38:57 --> CodeIgniter\View\Exceptions\ViewException: Invalid file: "admin.sekolah.show"
[Method: GET, Route: admin/sekolah/sman-1-batusangkar]
in SYSTEMPATH\Exceptions\FrameworkException.php on line 39.
 1 SYSTEMPATH\View\View.php(214): CodeIgniter\Exceptions\FrameworkException::forInvalidFile('admin.sekolah.show')
 2 SYSTEMPATH\Common.php(1199): CodeIgniter\View\View->render('admin.sekolah.show', [], true)
 3 APPPATH\Controllers\Admin\SekolahController.php(151): view('admin.sekolah.show')
 4 SYSTEMPATH\CodeIgniter.php(933): App\Controllers\Admin\SekolahController->show('sman-1-batusangkar')
 5 SYSTEMPATH\CodeIgniter.php(507): CodeIgniter\CodeIgniter->runController(Object(App\Controllers\Admin\SekolahController))
 6 SYSTEMPATH\CodeIgniter.php(354): CodeIgniter\CodeIgniter->handleRequest(null, Object(Config\Cache), false)
 7 SYSTEMPATH\Boot.php(363): CodeIgniter\CodeIgniter->run()
 8 SYSTEMPATH\Boot.php(68): CodeIgniter\Boot::runCodeIgniter(Object(CodeIgniter\CodeIgniter))
 9 FCPATH\index.php(59): CodeIgniter\Boot::bootWeb(Object(Config\Paths))
10 SYSTEMPATH\rewrite.php(44): require_once('D:\\CodeIgniter4-4.6.4\\public\\index.php')
CRITICAL - 2026-06-08 10:39:04 --> CodeIgniter\View\Exceptions\ViewException: Invalid file: "admin.sekolah.show"
[Method: GET, Route: admin/sekolah/sman-1-batusangkar]
in SYSTEMPATH\Exceptions\FrameworkException.php on line 39.
 1 SYSTEMPATH\View\View.php(214): CodeIgniter\Exceptions\FrameworkException::forInvalidFile('admin.sekolah.show')
 2 SYSTEMPATH\Common.php(1199): CodeIgniter\View\View->render('admin.sekolah.show', [], true)
 3 APPPATH\Controllers\Admin\SekolahController.php(151): view('admin.sekolah.show')
 4 SYSTEMPATH\CodeIgniter.php(933): App\Controllers\Admin\SekolahController->show('sman-1-batusangkar')
 5 SYSTEMPATH\CodeIgniter.php(507): CodeIgniter\CodeIgniter->runController(Object(App\Controllers\Admin\SekolahController))
 6 SYSTEMPATH\CodeIgniter.php(354): CodeIgniter\CodeIgniter->handleRequest(null, Object(Config\Cache), false)
 7 SYSTEMPATH\Boot.php(363): CodeIgniter\CodeIgniter->run()
 8 SYSTEMPATH\Boot.php(68): CodeIgniter\Boot::runCodeIgniter(Object(CodeIgniter\CodeIgniter))
 9 FCPATH\index.php(59): CodeIgniter\Boot::bootWeb(Object(Config\Paths))
10 SYSTEMPATH\rewrite.php(44): require_once('D:\\CodeIgniter4-4.6.4\\public\\index.php')
CRITICAL - 2026-06-08 10:39:34 --> CodeIgniter\View\Exceptions\ViewException: Invalid file: "admin.sekolah.show"
[Method: GET, Route: admin/sekolah/sman-1-batusangkar]
in SYSTEMPATH\Exceptions\FrameworkException.php on line 39.
 1 SYSTEMPATH\View\View.php(214): CodeIgniter\Exceptions\FrameworkException::forInvalidFile('admin.sekolah.show')
 2 SYSTEMPATH\Common.php(1199): CodeIgniter\View\View->render('admin.sekolah.show', [], true)
 3 APPPATH\Controllers\Admin\SekolahController.php(151): view('admin.sekolah.show')
 4 SYSTEMPATH\CodeIgniter.php(933): App\Controllers\Admin\SekolahController->show('sman-1-batusangkar')
 5 SYSTEMPATH\CodeIgniter.php(507): CodeIgniter\CodeIgniter->runController(Object(App\Controllers\Admin\SekolahController))
 6 SYSTEMPATH\CodeIgniter.php(354): CodeIgniter\CodeIgniter->handleRequest(null, Object(Config\Cache), false)
 7 SYSTEMPATH\Boot.php(363): CodeIgniter\CodeIgniter->run()
 8 SYSTEMPATH\Boot.php(68): CodeIgniter\Boot::runCodeIgniter(Object(CodeIgniter\CodeIgniter))
 9 FCPATH\index.php(59): CodeIgniter\Boot::bootWeb(Object(Config\Paths))
10 SYSTEMPATH\rewrite.php(44): require_once('D:\\CodeIgniter4-4.6.4\\public\\index.php')
CRITICAL - 2026-06-08 10:39:54 --> CodeIgniter\View\Exceptions\ViewException: Invalid file: "pages.admin.sekolah.show"
[Method: GET, Route: admin/sekolah/sman-1-batusangkar]
in SYSTEMPATH\Exceptions\FrameworkException.php on line 39.
 1 SYSTEMPATH\View\View.php(214): CodeIgniter\Exceptions\FrameworkException::forInvalidFile('pages.admin.sekolah.show')
 2 SYSTEMPATH\Common.php(1199): CodeIgniter\View\View->render('pages.admin.sekolah.show', [], true)
 3 APPPATH\Controllers\Admin\SekolahController.php(151): view('pages.admin.sekolah.show')
 4 SYSTEMPATH\CodeIgniter.php(933): App\Controllers\Admin\SekolahController->show('sman-1-batusangkar')
 5 SYSTEMPATH\CodeIgniter.php(507): CodeIgniter\CodeIgniter->runController(Object(App\Controllers\Admin\SekolahController))
 6 SYSTEMPATH\CodeIgniter.php(354): CodeIgniter\CodeIgniter->handleRequest(null, Object(Config\Cache), false)
 7 SYSTEMPATH\Boot.php(363): CodeIgniter\CodeIgniter->run()
 8 SYSTEMPATH\Boot.php(68): CodeIgniter\Boot::runCodeIgniter(Object(CodeIgniter\CodeIgniter))
 9 FCPATH\index.php(59): CodeIgniter\Boot::bootWeb(Object(Config\Paths))
10 SYSTEMPATH\rewrite.php(44): require_once('D:\\CodeIgniter4-4.6.4\\public\\index.php')
CRITICAL - 2026-06-08 10:39:55 --> CodeIgniter\View\Exceptions\ViewException: Invalid file: "pages.admin.sekolah.show"
[Method: GET, Route: admin/sekolah/sman-1-batusangkar]
in SYSTEMPATH\Exceptions\FrameworkException.php on line 39.
 1 SYSTEMPATH\View\View.php(214): CodeIgniter\Exceptions\FrameworkException::forInvalidFile('pages.admin.sekolah.show')
 2 SYSTEMPATH\Common.php(1199): CodeIgniter\View\View->render('pages.admin.sekolah.show', [], true)
 3 APPPATH\Controllers\Admin\SekolahController.php(151): view('pages.admin.sekolah.show')
 4 SYSTEMPATH\CodeIgniter.php(933): App\Controllers\Admin\SekolahController->show('sman-1-batusangkar')
 5 SYSTEMPATH\CodeIgniter.php(507): CodeIgniter\CodeIgniter->runController(Object(App\Controllers\Admin\SekolahController))
 6 SYSTEMPATH\CodeIgniter.php(354): CodeIgniter\CodeIgniter->handleRequest(null, Object(Config\Cache), false)
 7 SYSTEMPATH\Boot.php(363): CodeIgniter\CodeIgniter->run()
 8 SYSTEMPATH\Boot.php(68): CodeIgniter\Boot::runCodeIgniter(Object(CodeIgniter\CodeIgniter))
 9 FCPATH\index.php(59): CodeIgniter\Boot::bootWeb(Object(Config\Paths))
10 SYSTEMPATH\rewrite.php(44): require_once('D:\\CodeIgniter4-4.6.4\\public\\index.php')
CRITICAL - 2026-06-08 10:39:55 --> CodeIgniter\View\Exceptions\ViewException: Invalid file: "pages.admin.sekolah.show"
[Method: GET, Route: admin/sekolah/sman-1-batusangkar]
in SYSTEMPATH\Exceptions\FrameworkException.php on line 39.
 1 SYSTEMPATH\View\View.php(214): CodeIgniter\Exceptions\FrameworkException::forInvalidFile('pages.admin.sekolah.show')
 2 SYSTEMPATH\Common.php(1199): CodeIgniter\View\View->render('pages.admin.sekolah.show', [], true)
 3 APPPATH\Controllers\Admin\SekolahController.php(151): view('pages.admin.sekolah.show')
 4 SYSTEMPATH\CodeIgniter.php(933): App\Controllers\Admin\SekolahController->show('sman-1-batusangkar')
 5 SYSTEMPATH\CodeIgniter.php(507): CodeIgniter\CodeIgniter->runController(Object(App\Controllers\Admin\SekolahController))
 6 SYSTEMPATH\CodeIgniter.php(354): CodeIgniter\CodeIgniter->handleRequest(null, Object(Config\Cache), false)
 7 SYSTEMPATH\Boot.php(363): CodeIgniter\CodeIgniter->run()
 8 SYSTEMPATH\Boot.php(68): CodeIgniter\Boot::runCodeIgniter(Object(CodeIgniter\CodeIgniter))
 9 FCPATH\index.php(59): CodeIgniter\Boot::bootWeb(Object(Config\Paths))
10 SYSTEMPATH\rewrite.php(44): require_once('D:\\CodeIgniter4-4.6.4\\public\\index.php')
CRITICAL - 2026-06-08 10:39:58 --> CodeIgniter\View\Exceptions\ViewException: Invalid file: "pages.admin.sekolah.show"
[Method: GET, Route: admin/sekolah/sman-1-batusangkar]
in SYSTEMPATH\Exceptions\FrameworkException.php on line 39.
 1 SYSTEMPATH\View\View.php(214): CodeIgniter\Exceptions\FrameworkException::forInvalidFile('pages.admin.sekolah.show')
 2 SYSTEMPATH\Common.php(1199): CodeIgniter\View\View->render('pages.admin.sekolah.show', [], true)
 3 APPPATH\Controllers\Admin\SekolahController.php(151): view('pages.admin.sekolah.show')
 4 SYSTEMPATH\CodeIgniter.php(933): App\Controllers\Admin\SekolahController->show('sman-1-batusangkar')
 5 SYSTEMPATH\CodeIgniter.php(507): CodeIgniter\CodeIgniter->runController(Object(App\Controllers\Admin\SekolahController))
 6 SYSTEMPATH\CodeIgniter.php(354): CodeIgniter\CodeIgniter->handleRequest(null, Object(Config\Cache), false)
 7 SYSTEMPATH\Boot.php(363): CodeIgniter\CodeIgniter->run()
 8 SYSTEMPATH\Boot.php(68): CodeIgniter\Boot::runCodeIgniter(Object(CodeIgniter\CodeIgniter))
 9 FCPATH\index.php(59): CodeIgniter\Boot::bootWeb(Object(Config\Paths))
10 SYSTEMPATH\rewrite.php(44): require_once('D:\\CodeIgniter4-4.6.4\\public\\index.php')
CRITICAL - 2026-06-08 10:39:58 --> CodeIgniter\View\Exceptions\ViewException: Invalid file: "pages.admin.sekolah.show"
[Method: GET, Route: admin/sekolah/sman-1-batusangkar]
in SYSTEMPATH\Exceptions\FrameworkException.php on line 39.
 1 SYSTEMPATH\View\View.php(214): CodeIgniter\Exceptions\FrameworkException::forInvalidFile('pages.admin.sekolah.show')
 2 SYSTEMPATH\Common.php(1199): CodeIgniter\View\View->render('pages.admin.sekolah.show', [], true)
 3 APPPATH\Controllers\Admin\SekolahController.php(151): view('pages.admin.sekolah.show')
 4 SYSTEMPATH\CodeIgniter.php(933): App\Controllers\Admin\SekolahController->show('sman-1-batusangkar')
 5 SYSTEMPATH\CodeIgniter.php(507): CodeIgniter\CodeIgniter->runController(Object(App\Controllers\Admin\SekolahController))
 6 SYSTEMPATH\CodeIgniter.php(354): CodeIgniter\CodeIgniter->handleRequest(null, Object(Config\Cache), false)
 7 SYSTEMPATH\Boot.php(363): CodeIgniter\CodeIgniter->run()
 8 SYSTEMPATH\Boot.php(68): CodeIgniter\Boot::runCodeIgniter(Object(CodeIgniter\CodeIgniter))
 9 FCPATH\index.php(59): CodeIgniter\Boot::bootWeb(Object(Config\Paths))
10 SYSTEMPATH\rewrite.php(44): require_once('D:\\CodeIgniter4-4.6.4\\public\\index.php')
CRITICAL - 2026-06-08 10:40:01 --> CodeIgniter\View\Exceptions\ViewException: Invalid file: "pages.admin.sekolah.show"
[Method: GET, Route: admin/sekolah/sman-1-batusangkar]
in SYSTEMPATH\Exceptions\FrameworkException.php on line 39.
 1 SYSTEMPATH\View\View.php(214): CodeIgniter\Exceptions\FrameworkException::forInvalidFile('pages.admin.sekolah.show')
 2 SYSTEMPATH\Common.php(1199): CodeIgniter\View\View->render('pages.admin.sekolah.show', [], true)
 3 APPPATH\Controllers\Admin\SekolahController.php(151): view('pages.admin.sekolah.show')
 4 SYSTEMPATH\CodeIgniter.php(933): App\Controllers\Admin\SekolahController->show('sman-1-batusangkar')
 5 SYSTEMPATH\CodeIgniter.php(507): CodeIgniter\CodeIgniter->runController(Object(App\Controllers\Admin\SekolahController))
 6 SYSTEMPATH\CodeIgniter.php(354): CodeIgniter\CodeIgniter->handleRequest(null, Object(Config\Cache), false)
 7 SYSTEMPATH\Boot.php(363): CodeIgniter\CodeIgniter->run()
 8 SYSTEMPATH\Boot.php(68): CodeIgniter\Boot::runCodeIgniter(Object(CodeIgniter\CodeIgniter))
 9 FCPATH\index.php(59): CodeIgniter\Boot::bootWeb(Object(Config\Paths))
10 SYSTEMPATH\rewrite.php(44): require_once('D:\\CodeIgniter4-4.6.4\\public\\index.php')
CRITICAL - 2026-06-08 10:40:06 --> CodeIgniter\View\Exceptions\ViewException: Invalid file: "pages.admin.sekolah.show"
[Method: GET, Route: admin/sekolah/sman-1-batusangkar]
in SYSTEMPATH\Exceptions\FrameworkException.php on line 39.
 1 SYSTEMPATH\View\View.php(214): CodeIgniter\Exceptions\FrameworkException::forInvalidFile('pages.admin.sekolah.show')
 2 SYSTEMPATH\Common.php(1199): CodeIgniter\View\View->render('pages.admin.sekolah.show', [], true)
 3 APPPATH\Controllers\Admin\SekolahController.php(151): view('pages.admin.sekolah.show')
 4 SYSTEMPATH\CodeIgniter.php(933): App\Controllers\Admin\SekolahController->show('sman-1-batusangkar')
 5 SYSTEMPATH\CodeIgniter.php(507): CodeIgniter\CodeIgniter->runController(Object(App\Controllers\Admin\SekolahController))
 6 SYSTEMPATH\CodeIgniter.php(354): CodeIgniter\CodeIgniter->handleRequest(null, Object(Config\Cache), false)
 7 SYSTEMPATH\Boot.php(363): CodeIgniter\CodeIgniter->run()
 8 SYSTEMPATH\Boot.php(68): CodeIgniter\Boot::runCodeIgniter(Object(CodeIgniter\CodeIgniter))
 9 FCPATH\index.php(59): CodeIgniter\Boot::bootWeb(Object(Config\Paths))
10 SYSTEMPATH\rewrite.php(44): require_once('D:\\CodeIgniter4-4.6.4\\public\\index.php')
DEBUG - 2026-06-08 10:40:30 --> Session: Class initialized using 'CodeIgniter\Session\Handlers\FileHandler' driver.
CRITICAL - 2026-06-08 15:16:50 --> Error: Class "App\Models\SekolahFasilitasModel" not found
[Method: GET, Route: admin/sekolah/create]
in APPPATH\Controllers\Admin\SekolahController.php on line 17.
 1 SYSTEMPATH\CodeIgniter.php(903): App\Controllers\Admin\SekolahController->__construct()
 2 SYSTEMPATH\CodeIgniter.php(498): CodeIgniter\CodeIgniter->createController()
 3 SYSTEMPATH\CodeIgniter.php(354): CodeIgniter\CodeIgniter->handleRequest(null, Object(Config\Cache), false)
 4 SYSTEMPATH\Boot.php(363): CodeIgniter\CodeIgniter->run()
 5 SYSTEMPATH\Boot.php(68): CodeIgniter\Boot::runCodeIgniter(Object(CodeIgniter\CodeIgniter))
 6 FCPATH\index.php(59): CodeIgniter\Boot::bootWeb(Object(Config\Paths))
 7 SYSTEMPATH\rewrite.php(44): require_once('D:\\CodeIgniter4-4.6.4\\public\\index.php')
CRITICAL - 2026-06-08 15:30:17 --> ErrorException: Undefined variable $fasilitasList
[Method: GET, Route: admin/sekolah/create]
in APPPATH\Views\pages\admin\sekolah\create.php on line 242.
 1 APPPATH\Views\pages\admin\sekolah\create.php(242): CodeIgniter\Debug\Exceptions->errorHandler(2, 'Undefined variable $fasilitasList', 'D:\\CodeIgniter4-4.6.4\\app\\Views\\pages\\admin\\sekolah\\create.php', 242)
 2 SYSTEMPATH\View\View.php(226): include('D:\\CodeIgniter4-4.6.4\\app\\Views\\pages\\admin\\sekolah\\create.php')
 3 SYSTEMPATH\View\View.php(229): CodeIgniter\View\View->CodeIgniter\View\{closure}()
 4 SYSTEMPATH\Common.php(1199): CodeIgniter\View\View->render('pages/admin/sekolah/create', [], true)
 5 APPPATH\Controllers\Admin\SekolahController.php(64): view('pages/admin/sekolah/create', [...])
 6 SYSTEMPATH\CodeIgniter.php(933): App\Controllers\Admin\SekolahController->create()
 7 SYSTEMPATH\CodeIgniter.php(507): CodeIgniter\CodeIgniter->runController(Object(App\Controllers\Admin\SekolahController))
 8 SYSTEMPATH\CodeIgniter.php(354): CodeIgniter\CodeIgniter->handleRequest(null, Object(Config\Cache), false)
 9 SYSTEMPATH\Boot.php(363): CodeIgniter\CodeIgniter->run()
10 SYSTEMPATH\Boot.php(68): CodeIgniter\Boot::runCodeIgniter(Object(CodeIgniter\CodeIgniter))
11 FCPATH\index.php(59): CodeIgniter\Boot::bootWeb(Object(Config\Paths))
12 SYSTEMPATH\rewrite.php(44): require_once('D:\\CodeIgniter4-4.6.4\\public\\index.php')
CRITICAL - 2026-06-08 15:30:17 --> ErrorException: Undefined variable $fasilitasList
[Method: GET, Route: admin/sekolah/create]
in APPPATH\Views\pages\admin\sekolah\create.php on line 242.
 1 APPPATH\Views\pages\admin\sekolah\create.php(242): CodeIgniter\Debug\Exceptions->errorHandler(2, 'Undefined variable $fasilitasList', 'D:\\CodeIgniter4-4.6.4\\app\\Views\\pages\\admin\\sekolah\\create.php', 242)
 2 SYSTEMPATH\View\View.php(226): include('D:\\CodeIgniter4-4.6.4\\app\\Views\\pages\\admin\\sekolah\\create.php')
 3 SYSTEMPATH\View\View.php(229): CodeIgniter\View\View->CodeIgniter\View\{closure}()
 4 SYSTEMPATH\Common.php(1199): CodeIgniter\View\View->render('pages/admin/sekolah/create', [], true)
 5 APPPATH\Controllers\Admin\SekolahController.php(64): view('pages/admin/sekolah/create', [...])
 6 SYSTEMPATH\CodeIgniter.php(933): App\Controllers\Admin\SekolahController->create()
 7 SYSTEMPATH\CodeIgniter.php(507): CodeIgniter\CodeIgniter->runController(Object(App\Controllers\Admin\SekolahController))
 8 SYSTEMPATH\CodeIgniter.php(354): CodeIgniter\CodeIgniter->handleRequest(null, Object(Config\Cache), false)
 9 SYSTEMPATH\Boot.php(363): CodeIgniter\CodeIgniter->run()
10 SYSTEMPATH\Boot.php(68): CodeIgniter\Boot::runCodeIgniter(Object(CodeIgniter\CodeIgniter))
11 FCPATH\index.php(59): CodeIgniter\Boot::bootWeb(Object(Config\Paths))
12 SYSTEMPATH\rewrite.php(44): require_once('D:\\CodeIgniter4-4.6.4\\public\\index.php')
DEBUG - 2026-06-08 15:30:31 --> Session: Class initialized using 'CodeIgniter\Session\Handlers\FileHandler' driver.
CRITICAL - 2026-06-08 15:30:31 --> ErrorException: Undefined variable $fasilitasList
[Method: GET, Route: admin/sekolah/create]
in APPPATH\Views\pages\admin\sekolah\create.php on line 242.
 1 APPPATH\Views\pages\admin\sekolah\create.php(242): CodeIgniter\Debug\Exceptions->errorHandler(2, 'Undefined variable $fasilitasList', 'D:\\CodeIgniter4-4.6.4\\app\\Views\\pages\\admin\\sekolah\\create.php', 242)
 2 SYSTEMPATH\View\View.php(226): include('D:\\CodeIgniter4-4.6.4\\app\\Views\\pages\\admin\\sekolah\\create.php')
 3 SYSTEMPATH\View\View.php(229): CodeIgniter\View\View->CodeIgniter\View\{closure}()
 4 SYSTEMPATH\Common.php(1199): CodeIgniter\View\View->render('pages/admin/sekolah/create', [], true)
 5 APPPATH\Controllers\Admin\SekolahController.php(64): view('pages/admin/sekolah/create', [...])
 6 SYSTEMPATH\CodeIgniter.php(933): App\Controllers\Admin\SekolahController->create()
 7 SYSTEMPATH\CodeIgniter.php(507): CodeIgniter\CodeIgniter->runController(Object(App\Controllers\Admin\SekolahController))
 8 SYSTEMPATH\CodeIgniter.php(354): CodeIgniter\CodeIgniter->handleRequest(null, Object(Config\Cache), false)
 9 SYSTEMPATH\Boot.php(363): CodeIgniter\CodeIgniter->run()
10 SYSTEMPATH\Boot.php(68): CodeIgniter\Boot::runCodeIgniter(Object(CodeIgniter\CodeIgniter))
11 FCPATH\index.php(59): CodeIgniter\Boot::bootWeb(Object(Config\Paths))
12 SYSTEMPATH\rewrite.php(44): require_once('D:\\CodeIgniter4-4.6.4\\public\\index.php')
DEBUG - 2026-06-08 15:30:51 --> Session: Class initialized using 'CodeIgniter\Session\Handlers\FileHandler' driver.
ERROR - 2026-06-08 16:08:00 --> mysqli_sql_exception: Duplicate entry 'smpn' for key 'sekolah.slug' in D:\CodeIgniter4-4.6.4\system\Database\MySQLi\Connection.php:327
Stack trace:
#0 D:\CodeIgniter4-4.6.4\system\Database\MySQLi\Connection.php(327): mysqli->query('INSERT INTO `se...', 0)
#1 D:\CodeIgniter4-4.6.4\system\Database\BaseConnection.php(729): CodeIgniter\Database\MySQLi\Connection->execute('INSERT INTO `se...')
#2 D:\CodeIgniter4-4.6.4\system\Database\BaseConnection.php(646): CodeIgniter\Database\BaseConnection->simpleQuery('INSERT INTO `se...')
#3 D:\CodeIgniter4-4.6.4\system\Database\BaseBuilder.php(2345): CodeIgniter\Database\BaseConnection->query('INSERT INTO `se...', Array, false)
#4 D:\CodeIgniter4-4.6.4\system\Model.php(394): CodeIgniter\Database\BaseBuilder->insert()
#5 D:\CodeIgniter4-4.6.4\system\BaseModel.php(838): CodeIgniter\Model->doInsert(Array)
#6 D:\CodeIgniter4-4.6.4\system\Model.php(797): CodeIgniter\BaseModel->insert(Array, true)
#7 D:\CodeIgniter4-4.6.4\app\Controllers\Admin\SekolahController.php(205): CodeIgniter\Model->insert(Array, true)
#8 D:\CodeIgniter4-4.6.4\system\CodeIgniter.php(933): App\Controllers\Admin\SekolahController->store()
#9 D:\CodeIgniter4-4.6.4\system\CodeIgniter.php(507): CodeIgniter\CodeIgniter->runController(Object(App\Controllers\Admin\SekolahController))
#10 D:\CodeIgniter4-4.6.4\system\CodeIgniter.php(354): CodeIgniter\CodeIgniter->handleRequest(NULL, Object(Config\Cache), false)
#11 D:\CodeIgniter4-4.6.4\system\Boot.php(363): CodeIgniter\CodeIgniter->run()
#12 D:\CodeIgniter4-4.6.4\system\Boot.php(68): CodeIgniter\Boot::runCodeIgniter(Object(CodeIgniter\CodeIgniter))
#13 D:\CodeIgniter4-4.6.4\public\index.php(59): CodeIgniter\Boot::bootWeb(Object(Config\Paths))
#14 D:\CodeIgniter4-4.6.4\system\rewrite.php(44): require_once('D:\\CodeIgniter4...')
#15 {main}
CRITICAL - 2026-06-08 16:08:00 --> CodeIgniter\Database\Exceptions\DatabaseException: Duplicate entry 'smpn' for key 'sekolah.slug'
[Method: POST, Route: admin/sekolah/store]
in SYSTEMPATH\Database\BaseConnection.php on line 684.
 1 SYSTEMPATH\Database\BaseBuilder.php(2345): CodeIgniter\Database\BaseConnection->query('INSERT INTO `sekolah` (`npsn`, `nss`, `nama_sekolah`, `jenjang`, `status`, `akreditasi`, `kurikulum`, `tahun_berdiri`, `alamat`, `latitude`, `longitude`, `kecamatan_id`, `telepon`, `email`, `website`, `is_active`, `created_at`, `updated_at`, `slug`) VALUES (:npsn:, :nss:, :nama_sekolah:, :jenjang:, :status:, :akreditasi:, :kurikulum:, :tahun_berdiri:, :alamat:, :latitude:, :longitude:, :kecamatan_id:, :telepon:, :email:, :website:, :is_active:, :created_at:, :updated_at:, :slug:)', [...], false)
 2 SYSTEMPATH\Model.php(394): CodeIgniter\Database\BaseBuilder->insert()
 3 SYSTEMPATH\BaseModel.php(838): CodeIgniter\Model->doInsert([...])
 4 SYSTEMPATH\Model.php(797): CodeIgniter\BaseModel->insert([...], true)
 5 APPPATH\Controllers\Admin\SekolahController.php(205): CodeIgniter\Model->insert([...], true)
 6 SYSTEMPATH\CodeIgniter.php(933): App\Controllers\Admin\SekolahController->store()
 7 SYSTEMPATH\CodeIgniter.php(507): CodeIgniter\CodeIgniter->runController(Object(App\Controllers\Admin\SekolahController))
 8 SYSTEMPATH\CodeIgniter.php(354): CodeIgniter\CodeIgniter->handleRequest(null, Object(Config\Cache), false)
 9 SYSTEMPATH\Boot.php(363): CodeIgniter\CodeIgniter->run()
10 SYSTEMPATH\Boot.php(68): CodeIgniter\Boot::runCodeIgniter(Object(CodeIgniter\CodeIgniter))
11 FCPATH\index.php(59): CodeIgniter\Boot::bootWeb(Object(Config\Paths))
12 SYSTEMPATH\rewrite.php(44): require_once('D:\\CodeIgniter4-4.6.4\\public\\index.php')
CRITICAL - 2026-06-08 16:08:00 --> [Caused by] CodeIgniter\Database\Exceptions\DatabaseException: Duplicate entry 'smpn' for key 'sekolah.slug'
in SYSTEMPATH\Database\MySQLi\Connection.php on line 332.
 1 SYSTEMPATH\Database\BaseConnection.php(729): CodeIgniter\Database\MySQLi\Connection->execute('INSERT INTO `sekolah` (`npsn`, `nss`, `nama_sekolah`, `jenjang`, `status`, `akreditasi`, `kurikulum`, `tahun_berdiri`, `alamat`, `latitude`, `longitude`, `kecamatan_id`, `telepon`, `email`, `website`, `is_active`, `created_at`, `updated_at`, `slug`) VALUES (\'09876543\', NULL, \'SMPN\', \'SD\', \'Negeri\', \'A\', \'Merdeka\', NULL, \'asdad\', \'-0.531456\', \'100.594940\', \'9\', NULL, NULL, NULL, 1, \'2026-06-08 16:08:00\', \'2026-06-08 16:08:00\', \'smpn\')')
 2 SYSTEMPATH\Database\BaseConnection.php(646): CodeIgniter\Database\BaseConnection->simpleQuery('INSERT INTO `sekolah` (`npsn`, `nss`, `nama_sekolah`, `jenjang`, `status`, `akreditasi`, `kurikulum`, `tahun_berdiri`, `alamat`, `latitude`, `longitude`, `kecamatan_id`, `telepon`, `email`, `website`, `is_active`, `created_at`, `updated_at`, `slug`) VALUES (\'09876543\', NULL, \'SMPN\', \'SD\', \'Negeri\', \'A\', \'Merdeka\', NULL, \'asdad\', \'-0.531456\', \'100.594940\', \'9\', NULL, NULL, NULL, 1, \'2026-06-08 16:08:00\', \'2026-06-08 16:08:00\', \'smpn\')')
 3 SYSTEMPATH\Database\BaseBuilder.php(2345): CodeIgniter\Database\BaseConnection->query('INSERT INTO `sekolah` (`npsn`, `nss`, `nama_sekolah`, `jenjang`, `status`, `akreditasi`, `kurikulum`, `tahun_berdiri`, `alamat`, `latitude`, `longitude`, `kecamatan_id`, `telepon`, `email`, `website`, `is_active`, `created_at`, `updated_at`, `slug`) VALUES (:npsn:, :nss:, :nama_sekolah:, :jenjang:, :status:, :akreditasi:, :kurikulum:, :tahun_berdiri:, :alamat:, :latitude:, :longitude:, :kecamatan_id:, :telepon:, :email:, :website:, :is_active:, :created_at:, :updated_at:, :slug:)', [...], false)
 4 SYSTEMPATH\Model.php(394): CodeIgniter\Database\BaseBuilder->insert()
 5 SYSTEMPATH\BaseModel.php(838): CodeIgniter\Model->doInsert([...])
 6 SYSTEMPATH\Model.php(797): CodeIgniter\BaseModel->insert([...], true)
 7 APPPATH\Controllers\Admin\SekolahController.php(205): CodeIgniter\Model->insert([...], true)
 8 SYSTEMPATH\CodeIgniter.php(933): App\Controllers\Admin\SekolahController->store()
 9 SYSTEMPATH\CodeIgniter.php(507): CodeIgniter\CodeIgniter->runController(Object(App\Controllers\Admin\SekolahController))
10 SYSTEMPATH\CodeIgniter.php(354): CodeIgniter\CodeIgniter->handleRequest(null, Object(Config\Cache), false)
11 SYSTEMPATH\Boot.php(363): CodeIgniter\CodeIgniter->run()
12 SYSTEMPATH\Boot.php(68): CodeIgniter\Boot::runCodeIgniter(Object(CodeIgniter\CodeIgniter))
13 FCPATH\index.php(59): CodeIgniter\Boot::bootWeb(Object(Config\Paths))
14 SYSTEMPATH\rewrite.php(44): require_once('D:\\CodeIgniter4-4.6.4\\public\\index.php')
CRITICAL - 2026-06-08 16:08:00 --> [Caused by] mysqli_sql_exception: Duplicate entry 'smpn' for key 'sekolah.slug'
in SYSTEMPATH\Database\MySQLi\Connection.php on line 327.
 1 SYSTEMPATH\Database\MySQLi\Connection.php(327): mysqli->query('INSERT INTO `sekolah` (`npsn`, `nss`, `nama_sekolah`, `jenjang`, `status`, `akreditasi`, `kurikulum`, `tahun_berdiri`, `alamat`, `latitude`, `longitude`, `kecamatan_id`, `telepon`, `email`, `website`, `is_active`, `created_at`, `updated_at`, `slug`) VALUES (\'09876543\', NULL, \'SMPN\', \'SD\', \'Negeri\', \'A\', \'Merdeka\', NULL, \'asdad\', \'-0.531456\', \'100.594940\', \'9\', NULL, NULL, NULL, 1, \'2026-06-08 16:08:00\', \'2026-06-08 16:08:00\', \'smpn\')', 0)
 2 SYSTEMPATH\Database\BaseConnection.php(729): CodeIgniter\Database\MySQLi\Connection->execute('INSERT INTO `sekolah` (`npsn`, `nss`, `nama_sekolah`, `jenjang`, `status`, `akreditasi`, `kurikulum`, `tahun_berdiri`, `alamat`, `latitude`, `longitude`, `kecamatan_id`, `telepon`, `email`, `website`, `is_active`, `created_at`, `updated_at`, `slug`) VALUES (\'09876543\', NULL, \'SMPN\', \'SD\', \'Negeri\', \'A\', \'Merdeka\', NULL, \'asdad\', \'-0.531456\', \'100.594940\', \'9\', NULL, NULL, NULL, 1, \'2026-06-08 16:08:00\', \'2026-06-08 16:08:00\', \'smpn\')')
 3 SYSTEMPATH\Database\BaseConnection.php(646): CodeIgniter\Database\BaseConnection->simpleQuery('INSERT INTO `sekolah` (`npsn`, `nss`, `nama_sekolah`, `jenjang`, `status`, `akreditasi`, `kurikulum`, `tahun_berdiri`, `alamat`, `latitude`, `longitude`, `kecamatan_id`, `telepon`, `email`, `website`, `is_active`, `created_at`, `updated_at`, `slug`) VALUES (\'09876543\', NULL, \'SMPN\', \'SD\', \'Negeri\', \'A\', \'Merdeka\', NULL, \'asdad\', \'-0.531456\', \'100.594940\', \'9\', NULL, NULL, NULL, 1, \'2026-06-08 16:08:00\', \'2026-06-08 16:08:00\', \'smpn\')')
 4 SYSTEMPATH\Database\BaseBuilder.php(2345): CodeIgniter\Database\BaseConnection->query('INSERT INTO `sekolah` (`npsn`, `nss`, `nama_sekolah`, `jenjang`, `status`, `akreditasi`, `kurikulum`, `tahun_berdiri`, `alamat`, `latitude`, `longitude`, `kecamatan_id`, `telepon`, `email`, `website`, `is_active`, `created_at`, `updated_at`, `slug`) VALUES (:npsn:, :nss:, :nama_sekolah:, :jenjang:, :status:, :akreditasi:, :kurikulum:, :tahun_berdiri:, :alamat:, :latitude:, :longitude:, :kecamatan_id:, :telepon:, :email:, :website:, :is_active:, :created_at:, :updated_at:, :slug:)', [...], false)
 5 SYSTEMPATH\Model.php(394): CodeIgniter\Database\BaseBuilder->insert()
 6 SYSTEMPATH\BaseModel.php(838): CodeIgniter\Model->doInsert([...])
 7 SYSTEMPATH\Model.php(797): CodeIgniter\BaseModel->insert([...], true)
 8 APPPATH\Controllers\Admin\SekolahController.php(205): CodeIgniter\Model->insert([...], true)
 9 SYSTEMPATH\CodeIgniter.php(933): App\Controllers\Admin\SekolahController->store()
10 SYSTEMPATH\CodeIgniter.php(507): CodeIgniter\CodeIgniter->runController(Object(App\Controllers\Admin\SekolahController))
11 SYSTEMPATH\CodeIgniter.php(354): CodeIgniter\CodeIgniter->handleRequest(null, Object(Config\Cache), false)
12 SYSTEMPATH\Boot.php(363): CodeIgniter\CodeIgniter->run()
13 SYSTEMPATH\Boot.php(68): CodeIgniter\Boot::runCodeIgniter(Object(CodeIgniter\CodeIgniter))
14 FCPATH\index.php(59): CodeIgniter\Boot::bootWeb(Object(Config\Paths))
15 SYSTEMPATH\rewrite.php(44): require_once('D:\\CodeIgniter4-4.6.4\\public\\index.php')
ERROR - 2026-06-08 16:08:18 --> mysqli_sql_exception: Duplicate entry 'smpn' for key 'sekolah.slug' in D:\CodeIgniter4-4.6.4\system\Database\MySQLi\Connection.php:327
Stack trace:
#0 D:\CodeIgniter4-4.6.4\system\Database\MySQLi\Connection.php(327): mysqli->query('INSERT INTO `se...', 0)
#1 D:\CodeIgniter4-4.6.4\system\Database\BaseConnection.php(729): CodeIgniter\Database\MySQLi\Connection->execute('INSERT INTO `se...')
#2 D:\CodeIgniter4-4.6.4\system\Database\BaseConnection.php(646): CodeIgniter\Database\BaseConnection->simpleQuery('INSERT INTO `se...')
#3 D:\CodeIgniter4-4.6.4\system\Database\BaseBuilder.php(2345): CodeIgniter\Database\BaseConnection->query('INSERT INTO `se...', Array, false)
#4 D:\CodeIgniter4-4.6.4\system\Model.php(394): CodeIgniter\Database\BaseBuilder->insert()
#5 D:\CodeIgniter4-4.6.4\system\BaseModel.php(838): CodeIgniter\Model->doInsert(Array)
#6 D:\CodeIgniter4-4.6.4\system\Model.php(797): CodeIgniter\BaseModel->insert(Array, true)
#7 D:\CodeIgniter4-4.6.4\app\Controllers\Admin\SekolahController.php(205): CodeIgniter\Model->insert(Array, true)
#8 D:\CodeIgniter4-4.6.4\system\CodeIgniter.php(933): App\Controllers\Admin\SekolahController->store()
#9 D:\CodeIgniter4-4.6.4\system\CodeIgniter.php(507): CodeIgniter\CodeIgniter->runController(Object(App\Controllers\Admin\SekolahController))
#10 D:\CodeIgniter4-4.6.4\system\CodeIgniter.php(354): CodeIgniter\CodeIgniter->handleRequest(NULL, Object(Config\Cache), false)
#11 D:\CodeIgniter4-4.6.4\system\Boot.php(363): CodeIgniter\CodeIgniter->run()
#12 D:\CodeIgniter4-4.6.4\system\Boot.php(68): CodeIgniter\Boot::runCodeIgniter(Object(CodeIgniter\CodeIgniter))
#13 D:\CodeIgniter4-4.6.4\public\index.php(59): CodeIgniter\Boot::bootWeb(Object(Config\Paths))
#14 D:\CodeIgniter4-4.6.4\system\rewrite.php(44): require_once('D:\\CodeIgniter4...')
#15 {main}
CRITICAL - 2026-06-08 16:08:18 --> CodeIgniter\Database\Exceptions\DatabaseException: Duplicate entry 'smpn' for key 'sekolah.slug'
[Method: POST, Route: admin/sekolah/store]
in SYSTEMPATH\Database\BaseConnection.php on line 684.
 1 SYSTEMPATH\Database\BaseBuilder.php(2345): CodeIgniter\Database\BaseConnection->query('INSERT INTO `sekolah` (`npsn`, `nss`, `nama_sekolah`, `jenjang`, `status`, `akreditasi`, `kurikulum`, `tahun_berdiri`, `alamat`, `latitude`, `longitude`, `kecamatan_id`, `telepon`, `email`, `website`, `is_active`, `created_at`, `updated_at`, `slug`) VALUES (:npsn:, :nss:, :nama_sekolah:, :jenjang:, :status:, :akreditasi:, :kurikulum:, :tahun_berdiri:, :alamat:, :latitude:, :longitude:, :kecamatan_id:, :telepon:, :email:, :website:, :is_active:, :created_at:, :updated_at:, :slug:)', [...], false)
 2 SYSTEMPATH\Model.php(394): CodeIgniter\Database\BaseBuilder->insert()
 3 SYSTEMPATH\BaseModel.php(838): CodeIgniter\Model->doInsert([...])
 4 SYSTEMPATH\Model.php(797): CodeIgniter\BaseModel->insert([...], true)
 5 APPPATH\Controllers\Admin\SekolahController.php(205): CodeIgniter\Model->insert([...], true)
 6 SYSTEMPATH\CodeIgniter.php(933): App\Controllers\Admin\SekolahController->store()
 7 SYSTEMPATH\CodeIgniter.php(507): CodeIgniter\CodeIgniter->runController(Object(App\Controllers\Admin\SekolahController))
 8 SYSTEMPATH\CodeIgniter.php(354): CodeIgniter\CodeIgniter->handleRequest(null, Object(Config\Cache), false)
 9 SYSTEMPATH\Boot.php(363): CodeIgniter\CodeIgniter->run()
10 SYSTEMPATH\Boot.php(68): CodeIgniter\Boot::runCodeIgniter(Object(CodeIgniter\CodeIgniter))
11 FCPATH\index.php(59): CodeIgniter\Boot::bootWeb(Object(Config\Paths))
12 SYSTEMPATH\rewrite.php(44): require_once('D:\\CodeIgniter4-4.6.4\\public\\index.php')
CRITICAL - 2026-06-08 16:08:18 --> [Caused by] CodeIgniter\Database\Exceptions\DatabaseException: Duplicate entry 'smpn' for key 'sekolah.slug'
in SYSTEMPATH\Database\MySQLi\Connection.php on line 332.
 1 SYSTEMPATH\Database\BaseConnection.php(729): CodeIgniter\Database\MySQLi\Connection->execute('INSERT INTO `sekolah` (`npsn`, `nss`, `nama_sekolah`, `jenjang`, `status`, `akreditasi`, `kurikulum`, `tahun_berdiri`, `alamat`, `latitude`, `longitude`, `kecamatan_id`, `telepon`, `email`, `website`, `is_active`, `created_at`, `updated_at`, `slug`) VALUES (\'09876543\', NULL, \'SMPN\', \'SD\', \'Negeri\', \'A\', \'Merdeka\', NULL, \'asdad\', \'-0.531456\', \'100.594940\', \'9\', NULL, NULL, NULL, 1, \'2026-06-08 16:08:18\', \'2026-06-08 16:08:18\', \'smpn\')')
 2 SYSTEMPATH\Database\BaseConnection.php(646): CodeIgniter\Database\BaseConnection->simpleQuery('INSERT INTO `sekolah` (`npsn`, `nss`, `nama_sekolah`, `jenjang`, `status`, `akreditasi`, `kurikulum`, `tahun_berdiri`, `alamat`, `latitude`, `longitude`, `kecamatan_id`, `telepon`, `email`, `website`, `is_active`, `created_at`, `updated_at`, `slug`) VALUES (\'09876543\', NULL, \'SMPN\', \'SD\', \'Negeri\', \'A\', \'Merdeka\', NULL, \'asdad\', \'-0.531456\', \'100.594940\', \'9\', NULL, NULL, NULL, 1, \'2026-06-08 16:08:18\', \'2026-06-08 16:08:18\', \'smpn\')')
 3 SYSTEMPATH\Database\BaseBuilder.php(2345): CodeIgniter\Database\BaseConnection->query('INSERT INTO `sekolah` (`npsn`, `nss`, `nama_sekolah`, `jenjang`, `status`, `akreditasi`, `kurikulum`, `tahun_berdiri`, `alamat`, `latitude`, `longitude`, `kecamatan_id`, `telepon`, `email`, `website`, `is_active`, `created_at`, `updated_at`, `slug`) VALUES (:npsn:, :nss:, :nama_sekolah:, :jenjang:, :status:, :akreditasi:, :kurikulum:, :tahun_berdiri:, :alamat:, :latitude:, :longitude:, :kecamatan_id:, :telepon:, :email:, :website:, :is_active:, :created_at:, :updated_at:, :slug:)', [...], false)
 4 SYSTEMPATH\Model.php(394): CodeIgniter\Database\BaseBuilder->insert()
 5 SYSTEMPATH\BaseModel.php(838): CodeIgniter\Model->doInsert([...])
 6 SYSTEMPATH\Model.php(797): CodeIgniter\BaseModel->insert([...], true)
 7 APPPATH\Controllers\Admin\SekolahController.php(205): CodeIgniter\Model->insert([...], true)
 8 SYSTEMPATH\CodeIgniter.php(933): App\Controllers\Admin\SekolahController->store()
 9 SYSTEMPATH\CodeIgniter.php(507): CodeIgniter\CodeIgniter->runController(Object(App\Controllers\Admin\SekolahController))
10 SYSTEMPATH\CodeIgniter.php(354): CodeIgniter\CodeIgniter->handleRequest(null, Object(Config\Cache), false)
11 SYSTEMPATH\Boot.php(363): CodeIgniter\CodeIgniter->run()
12 SYSTEMPATH\Boot.php(68): CodeIgniter\Boot::runCodeIgniter(Object(CodeIgniter\CodeIgniter))
13 FCPATH\index.php(59): CodeIgniter\Boot::bootWeb(Object(Config\Paths))
14 SYSTEMPATH\rewrite.php(44): require_once('D:\\CodeIgniter4-4.6.4\\public\\index.php')
CRITICAL - 2026-06-08 16:08:18 --> [Caused by] mysqli_sql_exception: Duplicate entry 'smpn' for key 'sekolah.slug'
in SYSTEMPATH\Database\MySQLi\Connection.php on line 327.
 1 SYSTEMPATH\Database\MySQLi\Connection.php(327): mysqli->query('INSERT INTO `sekolah` (`npsn`, `nss`, `nama_sekolah`, `jenjang`, `status`, `akreditasi`, `kurikulum`, `tahun_berdiri`, `alamat`, `latitude`, `longitude`, `kecamatan_id`, `telepon`, `email`, `website`, `is_active`, `created_at`, `updated_at`, `slug`) VALUES (\'09876543\', NULL, \'SMPN\', \'SD\', \'Negeri\', \'A\', \'Merdeka\', NULL, \'asdad\', \'-0.531456\', \'100.594940\', \'9\', NULL, NULL, NULL, 1, \'2026-06-08 16:08:18\', \'2026-06-08 16:08:18\', \'smpn\')', 0)
 2 SYSTEMPATH\Database\BaseConnection.php(729): CodeIgniter\Database\MySQLi\Connection->execute('INSERT INTO `sekolah` (`npsn`, `nss`, `nama_sekolah`, `jenjang`, `status`, `akreditasi`, `kurikulum`, `tahun_berdiri`, `alamat`, `latitude`, `longitude`, `kecamatan_id`, `telepon`, `email`, `website`, `is_active`, `created_at`, `updated_at`, `slug`) VALUES (\'09876543\', NULL, \'SMPN\', \'SD\', \'Negeri\', \'A\', \'Merdeka\', NULL, \'asdad\', \'-0.531456\', \'100.594940\', \'9\', NULL, NULL, NULL, 1, \'2026-06-08 16:08:18\', \'2026-06-08 16:08:18\', \'smpn\')')
 3 SYSTEMPATH\Database\BaseConnection.php(646): CodeIgniter\Database\BaseConnection->simpleQuery('INSERT INTO `sekolah` (`npsn`, `nss`, `nama_sekolah`, `jenjang`, `status`, `akreditasi`, `kurikulum`, `tahun_berdiri`, `alamat`, `latitude`, `longitude`, `kecamatan_id`, `telepon`, `email`, `website`, `is_active`, `created_at`, `updated_at`, `slug`) VALUES (\'09876543\', NULL, \'SMPN\', \'SD\', \'Negeri\', \'A\', \'Merdeka\', NULL, \'asdad\', \'-0.531456\', \'100.594940\', \'9\', NULL, NULL, NULL, 1, \'2026-06-08 16:08:18\', \'2026-06-08 16:08:18\', \'smpn\')')
 4 SYSTEMPATH\Database\BaseBuilder.php(2345): CodeIgniter\Database\BaseConnection->query('INSERT INTO `sekolah` (`npsn`, `nss`, `nama_sekolah`, `jenjang`, `status`, `akreditasi`, `kurikulum`, `tahun_berdiri`, `alamat`, `latitude`, `longitude`, `kecamatan_id`, `telepon`, `email`, `website`, `is_active`, `created_at`, `updated_at`, `slug`) VALUES (:npsn:, :nss:, :nama_sekolah:, :jenjang:, :status:, :akreditasi:, :kurikulum:, :tahun_berdiri:, :alamat:, :latitude:, :longitude:, :kecamatan_id:, :telepon:, :email:, :website:, :is_active:, :created_at:, :updated_at:, :slug:)', [...], false)
 5 SYSTEMPATH\Model.php(394): CodeIgniter\Database\BaseBuilder->insert()
 6 SYSTEMPATH\BaseModel.php(838): CodeIgniter\Model->doInsert([...])
 7 SYSTEMPATH\Model.php(797): CodeIgniter\BaseModel->insert([...], true)
 8 APPPATH\Controllers\Admin\SekolahController.php(205): CodeIgniter\Model->insert([...], true)
 9 SYSTEMPATH\CodeIgniter.php(933): App\Controllers\Admin\SekolahController->store()
10 SYSTEMPATH\CodeIgniter.php(507): CodeIgniter\CodeIgniter->runController(Object(App\Controllers\Admin\SekolahController))
11 SYSTEMPATH\CodeIgniter.php(354): CodeIgniter\CodeIgniter->handleRequest(null, Object(Config\Cache), false)
12 SYSTEMPATH\Boot.php(363): CodeIgniter\CodeIgniter->run()
13 SYSTEMPATH\Boot.php(68): CodeIgniter\Boot::runCodeIgniter(Object(CodeIgniter\CodeIgniter))
14 FCPATH\index.php(59): CodeIgniter\Boot::bootWeb(Object(Config\Paths))
15 SYSTEMPATH\rewrite.php(44): require_once('D:\\CodeIgniter4-4.6.4\\public\\index.php')
DEBUG - 2026-06-08 16:08:35 --> Session: Class initialized using 'CodeIgniter\Session\Handlers\FileHandler' driver.
